#
# A fatal error has been detected by the Java Runtime Environment:
#
#  EXCEPTION_ACCESS_VIOLATION (0xc0000005) at pc=0x0000000068301090, pid=9840, tid=0x00000000000037dc
#
# JRE version: OpenJDK Runtime Environment (8.0_312-b07) (build 1.8.0_312-b07)
# Java VM: OpenJDK 64-Bit Server VM (25.312-b07 mixed mode windows-amd64 compressed oops)
# Problematic frame:
# V  [jvm.dll+0x91090]
#
# Failed to write core dump. Minidumps are not enabled by default on client versions of Windows
#
# If you would like to submit a bug report, please visit:
#   https://github.com/corretto/corretto-8/issues/
#

---------------  T H R E A D  ---------------

Current thread (0x0000012f0168e000):  GCTaskThread [stack: 0x0000002579500000,0x0000002579600000] [id=14300]

siginfo: ExceptionCode=0xc0000005, reading address 0x0000000000000010

Registers:
RAX=0x0000000000000000, RBX=0x00000000d80cb244, RCX=0x00000000d6399ca8, RDX=0x0000000000000008
RSP=0x00000025795ff538, RBP=0x00000025795ff670, RSI=0x0000012f1772ccc0, RDI=0x00000000d6399ca8
R8 =0x0000012f1772ccc0, R9 =0x0000000000000005, R10=0x0000000000000008, R11=0x00000025795ff5a0
R12=0x0000000100000000, R13=0x0000000000000000, R14=0x0000012f1772cd60, R15=0x0000012f01689780
RIP=0x0000000068301090, EFLAGS=0x0000000000010202

Top of Stack: (sp=0x00000025795ff538)
0x00000025795ff538:   000000006864b500 00000000d80cb245
0x00000025795ff548:   0000012f01689780 0000012f1772ccc0
0x00000025795ff558:   00000000d80cb245 0000000000000000
0x00000025795ff568:   00000000d7a00500 0000012f1772ccc0
0x00000025795ff578:   0000000000000004 00000000d80c5070
0x00000025795ff588:   0000000000001000 0000000000000011
0x00000025795ff598:   0000012f01689780 0000012f01689780
0x00000025795ff5a8:   0000012f1772cd60 0000000000000000
0x00000025795ff5b8:   0000012f0168e600 0000012f1772ccc0
0x00000025795ff5c8:   000000006864b3a0 00000000d80cb244
0x00000025795ff5d8:   00000025795ff670 0000012f1772ccc0
0x00000025795ff5e8:   0000012f1772cd60 00000000d80cb244
0x00000025795ff5f8:   000000006864c48a 00000000d6fda400
0x00000025795ff608:   0000012f1772ccc0 00000025795ff670
0x00000025795ff618:   0000012f1772ccc0 0000000068a54150
0x00000025795ff628:   0000000000000c00 0000000000000000 

Instructions: (pc=0x0000000068301090)
0x0000000068301070:   6e 00 e9 19 00 00 00 48 8b 51 08 48 8b c8 e9 0d
0x0000000068301080:   00 00 00 cc cc cc cc cc cc cc cc cc cc cc cc cc
0x0000000068301090:   44 8b 42 08 4c 8b ca 45 85 c0 7e 0e 41 f6 c0 01
0x00000000683010a0:   75 57 41 c1 f8 03 41 8b c0 c3 79 4d 80 3d 65 3e 


Register to memory mapping:

RAX=0x0000000000000000 is an unknown value
RBX=0x00000000d80cb244 is an unknown value
RCX=0x00000000d6399ca8 is an oop

[error occurred during error reporting (printing register info), id 0xc0000005]

Stack: [0x0000002579500000,0x0000002579600000],  sp=0x00000025795ff538,  free space=1021k
Native frames: (J=compiled Java code, j=interpreted, Vv=VM code, C=native code)
V  [jvm.dll+0x91090]


---------------  P R O C E S S  ---------------

Java Threads: ( => current thread )
  0x0000012f19508800 JavaThread "background-preinit" [_thread_blocked, id=3604, stack(0x000000257a600000,0x000000257a700000)]
  0x0000012f190d8800 JavaThread "RMI TCP Accept-0" daemon [_thread_in_native, id=10200, stack(0x000000257a400000,0x000000257a500000)]
  0x0000012f18e02800 JavaThread "Service Thread" daemon [_thread_blocked, id=7556, stack(0x000000257a300000,0x000000257a400000)]
  0x0000012f18dfc000 JavaThread "C1 CompilerThread2" daemon [_thread_blocked, id=1620, stack(0x000000257a200000,0x000000257a300000)]
  0x0000012f18db4800 JavaThread "C2 CompilerThread1" daemon [_thread_blocked, id=3676, stack(0x000000257a100000,0x000000257a200000)]
  0x0000012f18cb7000 JavaThread "C2 CompilerThread0" daemon [_thread_blocked, id=4460, stack(0x000000257a000000,0x000000257a100000)]
  0x0000012f177b5000 JavaThread "JDWP Command Reader" daemon [_thread_in_native, id=4088, stack(0x0000002579f00000,0x000000257a000000)]
  0x0000012f177b2800 JavaThread "JDWP Event Helper Thread" daemon [_thread_blocked, id=10544, stack(0x0000002579e00000,0x0000002579f00000)]
  0x0000012f177ae000 JavaThread "JDWP Transport Listener: dt_socket" daemon [_thread_blocked, id=4104, stack(0x0000002579d00000,0x0000002579e00000)]
  0x0000012f17790000 JavaThread "Attach Listener" daemon [_thread_blocked, id=14268, stack(0x0000002579c00000,0x0000002579d00000)]
  0x0000012f1778f000 JavaThread "Signal Dispatcher" daemon [_thread_blocked, id=3020, stack(0x0000002579b00000,0x0000002579c00000)]
  0x0000012f17765800 JavaThread "Finalizer" daemon [_thread_blocked, id=1356, stack(0x0000002579a00000,0x0000002579b00000)]
  0x0000012f1775a000 JavaThread "Reference Handler" daemon [_thread_blocked, id=12728, stack(0x0000002579900000,0x0000002579a00000)]
  0x0000012f01674800 JavaThread "main" [_thread_blocked, id=12016, stack(0x0000002579300000,0x0000002579400000)]

Other Threads:
  0x0000012f1772f800 VMThread [stack: 0x0000002579800000,0x0000002579900000] [id=10396]
  0x0000012f190de800 WatcherThread [stack: 0x000000257a500000,0x000000257a600000] [id=236]

=>0x0000012f0168e000 (exited) GCTaskThread [stack: 0x0000002579500000,0x0000002579600000] [id=14300]

VM state:at safepoint (normal execution)

VM Mutex/Monitor currently owned by a thread:  ([mutex/lock_event])
[0x0000012f01671f10] Threads_lock - owner thread: 0x0000012f1772f800
[0x0000012f01673520] Heap_lock - owner thread: 0x0000012f19508800

heap address: 0x0000000080c00000, size: 2036 MB, Compressed Oops mode: 32-bit
Narrow klass base: 0x0000000000000000, Narrow klass shift: 3
Compressed class space size: 1073741824 Address: 0x0000000100000000

Heap:
 PSYoungGen      total 38400K, used 37653K [0x00000000d5980000, 0x00000000d8400000, 0x0000000100000000)
  eden space 33280K, 100% used [0x00000000d5980000,0x00000000d7a00000,0x00000000d7a00000)
  from space 5120K, 85% used [0x00000000d7a00000,0x00000000d7e456d0,0x00000000d7f00000)
  to   space 5120K, 79% used [0x00000000d7f00000,0x00000000d82f6748,0x00000000d8400000)
 ParOldGen       total 87552K, used 24K [0x0000000080c00000, 0x0000000086180000, 0x00000000d5980000)
  object space 87552K, 0% used [0x0000000080c00000,0x0000000080c06000,0x0000000086180000)
 Metaspace       used 14709K, capacity 15398K, committed 15744K, reserved 1062912K
  class space    used 1897K, capacity 2077K, committed 2176K, reserved 1048576K

Card table byte_map: [0x0000012f12300000,0x0000012f12700000] byte_map_base: 0x0000012f11efa000

Marking Bits: (ParMarkBitMap*) 0x0000000068a61860
 Begin Bits: [0x0000012f129b0000, 0x0000012f14980000)
 End Bits:   [0x0000012f14980000, 0x0000012f16950000)

Polling page: 0x0000012f01740000

CodeCache: size=245760Kb used=3312Kb max_used=3312Kb free=242447Kb
 bounds [0x0000012f02f40000, 0x0000012f03280000, 0x0000012f11f40000]
 total_blobs=1714 nmethods=1350 adapters=284
 compilation: enabled

Compilation events (10 events):
Event: 3.027 Thread 0x0000012f18dfc000 1346       1       java.lang.invoke.MethodHandleNatives::refKindHasReceiver (33 bytes)
Event: 3.027 Thread 0x0000012f18dfc000 nmethod 1346 0x0000012f0327a350 code [0x0000012f0327a4a0, 0x0000012f0327a5b8]
Event: 3.030 Thread 0x0000012f18dfc000 1347       1       java.lang.invoke.MethodHandles$Lookup::<init> (15 bytes)
Event: 3.031 Thread 0x0000012f18dfc000 nmethod 1347 0x0000012f0327a610 code [0x0000012f0327a760, 0x0000012f0327a898]
Event: 3.031 Thread 0x0000012f18dfc000 1348       1       java.util.Collections$UnmodifiableRandomAccessList::<init> (6 bytes)
Event: 3.031 Thread 0x0000012f18dfc000 nmethod 1348 0x0000012f0327a910 code [0x0000012f0327aa80, 0x0000012f0327ac70]
Event: 3.031 Thread 0x0000012f18dfc000 1349       1       java.util.Collections$UnmodifiableList::<init> (11 bytes)
Event: 3.031 Thread 0x0000012f18dfc000 nmethod 1349 0x0000012f0327add0 code [0x0000012f0327af40, 0x0000012f0327b130]
Event: 3.032 Thread 0x0000012f18dfc000 1350       1       java.lang.invoke.MethodHandles$Lookup::in (125 bytes)
Event: 3.033 Thread 0x0000012f18dfc000 nmethod 1350 0x0000012f0327b250 code [0x0000012f0327b400, 0x0000012f0327b8a0]

GC Heap History (3 events):
Event: 2.194 GC heap before
{Heap before GC invocations=1 (full 0):
 PSYoungGen      total 38400K, used 33280K [0x00000000d5980000, 0x00000000d8400000, 0x0000000100000000)
  eden space 33280K, 100% used [0x00000000d5980000,0x00000000d7a00000,0x00000000d7a00000)
  from space 5120K, 0% used [0x00000000d7f00000,0x00000000d7f00000,0x00000000d8400000)
  to   space 5120K, 0% used [0x00000000d7a00000,0x00000000d7a00000,0x00000000d7f00000)
 ParOldGen       total 87552K, used 0K [0x0000000080c00000, 0x0000000086180000, 0x00000000d5980000)
  object space 87552K, 0% used [0x0000000080c00000,0x0000000080c00000,0x0000000086180000)
 Metaspace       used 10449K, capacity 10624K, committed 10880K, reserved 1058816K
  class space    used 1250K, capacity 1330K, committed 1408K, reserved 1048576K
Event: 2.202 GC heap after
Heap after GC invocations=1 (full 0):
 PSYoungGen      total 38400K, used 4373K [0x00000000d5980000, 0x00000000d8400000, 0x0000000100000000)
  eden space 33280K, 0% used [0x00000000d5980000,0x00000000d5980000,0x00000000d7a00000)
  from space 5120K, 85% used [0x00000000d7a00000,0x00000000d7e456d0,0x00000000d7f00000)
  to   space 5120K, 0% used [0x00000000d7f00000,0x00000000d7f00000,0x00000000d8400000)
 ParOldGen       total 87552K, used 16K [0x0000000080c00000, 0x0000000086180000, 0x00000000d5980000)
  object space 87552K, 0% used [0x0000000080c00000,0x0000000080c04000,0x0000000086180000)
 Metaspace       used 10449K, capacity 10624K, committed 10880K, reserved 1058816K
  class space    used 1250K, capacity 1330K, committed 1408K, reserved 1048576K
}
Event: 3.044 GC heap before
{Heap before GC invocations=2 (full 0):
 PSYoungGen      total 38400K, used 37653K [0x00000000d5980000, 0x00000000d8400000, 0x0000000100000000)
  eden space 33280K, 100% used [0x00000000d5980000,0x00000000d7a00000,0x00000000d7a00000)
  from space 5120K, 85% used [0x00000000d7a00000,0x00000000d7e456d0,0x00000000d7f00000)
  to   space 5120K, 0% used [0x00000000d7f00000,0x00000000d7f00000,0x00000000d8400000)
 ParOldGen       total 87552K, used 16K [0x0000000080c00000, 0x0000000086180000, 0x00000000d5980000)
  object space 87552K, 0% used [0x0000000080c00000,0x0000000080c04000,0x0000000086180000)
 Metaspace       used 14709K, capacity 15398K, committed 15744K, reserved 1062912K
  class space    used 1897K, capacity 2077K, committed 2176K, reserved 1048576K

Deoptimization events (0 events):
No events

Classes redefined (0 events):
No events

Internal exceptions (10 events):
Event: 2.148 Thread 0x0000012f01674800 Exception <a 'java/lang/NoSuchMethodError': java.lang.Object.lambda$fromSpringFactories$0(Ljava/lang/ClassLoader;)Ljava/util/List;> (0x00000000d78ea708) thrown at [C:\wsjdk\Corretto8Src\installers\windows\zip\corretto-build\buildRoot\src\hotspot\src\share
Event: 2.228 Thread 0x0000012f01674800 Exception <a 'java/io/FileNotFoundException'> (0x00000000d5aaaab0) thrown at [C:\wsjdk\Corretto8Src\installers\windows\zip\corretto-build\buildRoot\src\hotspot\src\share\vm\prims\jni.cpp, line 711]
Event: 2.454 Thread 0x0000012f01674800 Exception <a 'java/lang/NoSuchMethodError': java.lang.Object.lambda$comparingInt$7b0bb60$1(Ljava/util/function/ToIntFunction;Ljava/lang/Object;Ljava/lang/Object;)I> (0x00000000d61a5ab8) thrown at [C:\wsjdk\Corretto8Src\installers\windows\zip\corretto-buil
Event: 2.460 Thread 0x0000012f01674800 Exception <a 'java/lang/IncompatibleClassChangeError': Found class java.lang.Object, but interface was expected> (0x00000000d61c7240) thrown at [C:\wsjdk\Corretto8Src\installers\windows\zip\corretto-build\buildRoot\src\hotspot\src\share\vm\interpreter\lin
Event: 2.518 Thread 0x0000012f01674800 Exception <a 'java/lang/NoSuchMethodError': java.lang.Object.lambda$or$2(Ljava/util/function/BiPredicate;Ljava/lang/Object;Ljava/lang/Object;)Z> (0x00000000d63b4cc0) thrown at [C:\wsjdk\Corretto8Src\installers\windows\zip\corretto-build\buildRoot\src\hots
Event: 2.523 Thread 0x0000012f01674800 Exception <a 'java/lang/NoSuchMethodError': java.lang.Object.lambda$chars$0()Ljava/util/Spliterator$OfInt;> (0x00000000d63c83e0) thrown at [C:\wsjdk\Corretto8Src\installers\windows\zip\corretto-build\buildRoot\src\hotspot\src\share\vm\interpreter\linkReso
Event: 2.609 Thread 0x0000012f01674800 Exception <a 'java/lang/NoSuchMethodError': java.lang.Object.lambda$comparing$77a9974f$1(Ljava/util/function/Function;Ljava/lang/Object;Ljava/lang/Object;)I> (0x00000000d66c68c8) thrown at [C:\wsjdk\Corretto8Src\installers\windows\zip\corretto-build\build
Event: 2.677 Thread 0x0000012f01674800 Exception <a 'java/lang/NoSuchMethodError': java.lang.Object.lambda$from$1(Ljava/util/function/Supplier;Lorg/springframework/boot/BootstrapContext;)Ljava/lang/Object;> (0x00000000d69197c8) thrown at [C:\wsjdk\Corretto8Src\installers\windows\zip\corretto-b
Event: 2.765 Thread 0x0000012f01674800 Exception <a 'java/lang/NoSuchMethodError': java.lang.Object.lambda$and$0(Ljava/util/function/Predicate;Ljava/lang/Object;)Z> (0x00000000d6bf5b18) thrown at [C:\wsjdk\Corretto8Src\installers\windows\zip\corretto-build\buildRoot\src\hotspot\src\share\vm\in
Event: 2.990 Thread 0x0000012f19508800 Exception <a 'java/lang/NoClassDefFoundError': javax/validation/Validation> (0x00000000d743ab98) thrown at [C:\wsjdk\Corretto8Src\installers\windows\zip\corretto-build\buildRoot\src\hotspot\src\share\vm\classfile\systemDictionary.cpp, line 206]

Events (10 events):
Event: 3.044 loading class org/springframework/context/annotation/ScopeMetadataResolver done
Event: 3.044 Thread 0x0000012f01674800 DEOPT PACKING pc=0x0000012f0318a709 sp=0x00000025793fba50
Event: 3.044 loading class com/sun/org/apache/xalan/internal/utils/XMLSecurityManager$NameMap
Event: 3.044 Thread 0x0000012f01674800 DEOPT UNPACKING pc=0x0000012f02f875d8 sp=0x00000025793fb7a0 mode 1
Event: 3.044 Thread 0x0000012f01674800 DEOPT PACKING pc=0x0000012f03123184 sp=0x00000025793fbad0
Event: 3.044 Thread 0x0000012f01674800 DEOPT UNPACKING pc=0x0000012f02f875d8 sp=0x00000025793fb8f0 mode 1
Event: 3.044 Thread 0x0000012f01674800 DEOPT PACKING pc=0x0000012f031230c4 sp=0x00000025793fbc60
Event: 3.044 Thread 0x0000012f01674800 DEOPT UNPACKING pc=0x0000012f02f875d8 sp=0x00000025793fba80 mode 1
Event: 3.044 loading class com/sun/org/apache/xalan/internal/utils/XMLSecurityManager$NameMap done
Event: 3.044 Executing VM operation: ParallelGCFailedAllocation


Dynamic libraries:
0x00007ff72e9f0000 - 0x00007ff72ea2a000 	C:\Users\Aleksander\.jdks\corretto-1.8.0_312\bin\java.exe
0x00007ff84ccb0000 - 0x00007ff84cea5000 	C:\WINDOWS\SYSTEM32\ntdll.dll
0x00007ff84c170000 - 0x00007ff84c22e000 	C:\WINDOWS\System32\KERNEL32.DLL
0x00007ff84a930000 - 0x00007ff84abf8000 	C:\WINDOWS\System32\KERNELBASE.dll
0x00007ff84c0c0000 - 0x00007ff84c16c000 	C:\WINDOWS\System32\ADVAPI32.dll
0x00007ff84b730000 - 0x00007ff84b7ce000 	C:\WINDOWS\System32\msvcrt.dll
0x00007ff84bf50000 - 0x00007ff84bfeb000 	C:\WINDOWS\System32\sechost.dll
0x00007ff84b7d0000 - 0x00007ff84b8fa000 	C:\WINDOWS\System32\RPCRT4.dll
0x00007ff84bc20000 - 0x00007ff84bdc1000 	C:\WINDOWS\System32\USER32.dll
0x00007ff84a480000 - 0x00007ff84a4a2000 	C:\WINDOWS\System32\win32u.dll
0x00007ff84c360000 - 0x00007ff84c38b000 	C:\WINDOWS\System32\GDI32.dll
0x00007ff84a6c0000 - 0x00007ff84a7cb000 	C:\WINDOWS\System32\gdi32full.dll
0x00007ff84a620000 - 0x00007ff84a6bd000 	C:\WINDOWS\System32\msvcp_win.dll
0x00007ff84ac00000 - 0x00007ff84ad00000 	C:\WINDOWS\System32\ucrtbase.dll
0x00007ff83c110000 - 0x00007ff83c3aa000 	C:\WINDOWS\WinSxS\amd64_microsoft.windows.common-controls_6595b64144ccf1df_6.0.19041.1110_none_60b5254171f9507e\COMCTL32.dll
0x00007ff84ae10000 - 0x00007ff84ae40000 	C:\WINDOWS\System32\IMM32.DLL
0x00007ff818a60000 - 0x00007ff818b4f000 	C:\Users\Aleksander\.jdks\corretto-1.8.0_312\jre\bin\msvcr120.dll
0x00007ff8189b0000 - 0x00007ff818a56000 	C:\Users\Aleksander\.jdks\corretto-1.8.0_312\jre\bin\msvcp120.dll
0x0000000068270000 - 0x0000000068ae0000 	C:\Users\Aleksander\.jdks\corretto-1.8.0_312\jre\bin\server\jvm.dll
0x00007ff84cb50000 - 0x00007ff84cb58000 	C:\WINDOWS\System32\PSAPI.DLL
0x00007ff83c7b0000 - 0x00007ff83c7b9000 	C:\WINDOWS\SYSTEM32\WSOCK32.dll
0x00007ff84cae0000 - 0x00007ff84cb4b000 	C:\WINDOWS\System32\WS2_32.dll
0x00007ff83d680000 - 0x00007ff83d6a7000 	C:\WINDOWS\SYSTEM32\WINMM.dll
0x00007ff842b60000 - 0x00007ff842b6a000 	C:\WINDOWS\SYSTEM32\VERSION.dll
0x00007ff844990000 - 0x00007ff84499f000 	C:\Users\Aleksander\.jdks\corretto-1.8.0_312\jre\bin\verify.dll
0x00007ff844960000 - 0x00007ff844989000 	C:\Users\Aleksander\.jdks\corretto-1.8.0_312\jre\bin\java.dll
0x00007ff816830000 - 0x00007ff816865000 	C:\Users\Aleksander\.jdks\corretto-1.8.0_312\jre\bin\jdwp.dll
0x00007ff83f150000 - 0x00007ff83f158000 	C:\Users\Aleksander\.jdks\corretto-1.8.0_312\jre\bin\npt.dll
0x00007ff820400000 - 0x00007ff82042a000 	C:\Users\Aleksander\.jdks\corretto-1.8.0_312\jre\bin\instrument.dll
0x00007ff825700000 - 0x00007ff825716000 	C:\Users\Aleksander\.jdks\corretto-1.8.0_312\jre\bin\zip.dll
0x00007ff84c390000 - 0x00007ff84cacf000 	C:\WINDOWS\System32\SHELL32.dll
0x00007ff8484f0000 - 0x00007ff848c80000 	C:\WINDOWS\SYSTEM32\windows.storage.dll
0x00007ff84af50000 - 0x00007ff84b2a5000 	C:\WINDOWS\System32\combase.dll
0x00007ff849d50000 - 0x00007ff849d7e000 	C:\WINDOWS\SYSTEM32\Wldp.dll
0x00007ff84ad00000 - 0x00007ff84adad000 	C:\WINDOWS\System32\SHCORE.dll
0x00007ff84adb0000 - 0x00007ff84ae05000 	C:\WINDOWS\System32\shlwapi.dll
0x00007ff84a310000 - 0x00007ff84a32f000 	C:\WINDOWS\SYSTEM32\profapi.dll
0x00007ff83f040000 - 0x00007ff83f049000 	C:\Users\Aleksander\.jdks\corretto-1.8.0_312\jre\bin\dt_socket.dll
0x00007ff849ab0000 - 0x00007ff849b1a000 	C:\WINDOWS\system32\mswsock.dll
0x00007ff8226d0000 - 0x00007ff8226ea000 	C:\Users\Aleksander\.jdks\corretto-1.8.0_312\jre\bin\net.dll
0x00007ff8497e0000 - 0x00007ff8498ab000 	C:\WINDOWS\SYSTEM32\DNSAPI.dll
0x00007ff8497a0000 - 0x00007ff8497db000 	C:\WINDOWS\SYSTEM32\IPHLPAPI.DLL
0x00007ff84aee0000 - 0x00007ff84aee8000 	C:\WINDOWS\System32\NSI.dll
0x00007ff840680000 - 0x00007ff84068a000 	C:\Windows\System32\rasadhlp.dll
0x00007ff8406a0000 - 0x00007ff84071f000 	C:\WINDOWS\System32\fwpuclnt.dll
0x00007ff84a5f0000 - 0x00007ff84a617000 	C:\WINDOWS\System32\bcrypt.dll
0x00007ff834420000 - 0x00007ff83442d000 	C:\Users\Aleksander\.jdks\corretto-1.8.0_312\jre\bin\management.dll
0x00007ff822690000 - 0x00007ff8226a2000 	C:\Users\Aleksander\.jdks\corretto-1.8.0_312\jre\bin\nio.dll
0x00007ff849cb0000 - 0x00007ff849cc8000 	C:\WINDOWS\SYSTEM32\CRYPTSP.dll
0x00007ff849430000 - 0x00007ff849464000 	C:\WINDOWS\system32\rsaenh.dll
0x00007ff84a2d0000 - 0x00007ff84a2fe000 	C:\WINDOWS\SYSTEM32\USERENV.dll
0x00007ff84a560000 - 0x00007ff84a5e3000 	C:\WINDOWS\System32\bcryptprimitives.dll
0x00007ff849ca0000 - 0x00007ff849cac000 	C:\WINDOWS\SYSTEM32\CRYPTBASE.dll
0x00007ff8443c0000 - 0x00007ff8443d7000 	C:\WINDOWS\SYSTEM32\dhcpcsvc6.DLL
0x00007ff844370000 - 0x00007ff84438d000 	C:\WINDOWS\SYSTEM32\dhcpcsvc.DLL
0x00007ff8337c0000 - 0x00007ff8337d7000 	C:\WINDOWS\system32\napinsp.dll
0x00007ff8337a0000 - 0x00007ff8337bb000 	C:\WINDOWS\system32\pnrpnsp.dll
0x00007ff832180000 - 0x00007ff832195000 	C:\WINDOWS\system32\wshbth.dll
0x00007ff845cd0000 - 0x00007ff845ced000 	C:\WINDOWS\system32\NLAapi.dll
0x00007ff832160000 - 0x00007ff832172000 	C:\WINDOWS\System32\winrnr.dll
0x00007ff83c460000 - 0x00007ff83c644000 	C:\WINDOWS\SYSTEM32\dbghelp.dll

VM Arguments:
jvm_args: -agentlib:jdwp=transport=dt_socket,address=127.0.0.1:50728,suspend=y,server=n -XX:TieredStopAtLevel=1 -Xverify:none -Dspring.output.ansi.enabled=always -javaagent:C:\Users\Aleksander\AppData\Local\JetBrains\IntelliJIdea2021.2\captureAgent\debugger-agent.jar -Dcom.sun.management.jmxremote -Dspring.jmx.enabled=true -Dspring.liveBeansView.mbeanDomain -Dspring.application.admin.enabled=true -Dfile.encoding=UTF-8 
java_command: com.app.elista.EListaApplication
java_class_path (initial): C:\Users\Aleksander\.jdks\corretto-1.8.0_312\jre\lib\charsets.jar;C:\Users\Aleksander\.jdks\corretto-1.8.0_312\jre\lib\ext\access-bridge-64.jar;C:\Users\Aleksander\.jdks\corretto-1.8.0_312\jre\lib\ext\cldrdata.jar;C:\Users\Aleksander\.jdks\corretto-1.8.0_312\jre\lib\ext\dnsns.jar;C:\Users\Aleksander\.jdks\corretto-1.8.0_312\jre\lib\ext\jaccess.jar;C:\Users\Aleksander\.jdks\corretto-1.8.0_312\jre\lib\ext\jfxrt.jar;C:\Users\Aleksander\.jdks\corretto-1.8.0_312\jre\lib\ext\localedata.jar;C:\Users\Aleksander\.jdks\corretto-1.8.0_312\jre\lib\ext\nashorn.jar;C:\Users\Aleksander\.jdks\corretto-1.8.0_312\jre\lib\ext\sunec.jar;C:\Users\Aleksander\.jdks\corretto-1.8.0_312\jre\lib\ext\sunjce_provider.jar;C:\Users\Aleksander\.jdks\corretto-1.8.0_312\jre\lib\ext\sunmscapi.jar;C:\Users\Aleksander\.jdks\corretto-1.8.0_312\jre\lib\ext\sunpkcs11.jar;C:\Users\Aleksander\.jdks\corretto-1.8.0_312\jre\lib\ext\zipfs.jar;C:\Users\Aleksander\.jdks\corretto-1.8.0_312\jre\lib\jce.jar;C:\Users\Aleksander\.jdks\corretto-1.8.0_312\jre\lib\jfr.jar;C:\Users\Aleksander\.jdks\corretto-1.8.0_312\jre\lib\jfxswt.jar;C:\Users\Aleksander\.jdks\corretto-1.8.0_312\jre\lib\jsse.jar;C:\Users\Aleksander\.jdks\corretto-1.8.0_312\jre\lib\management-agent.jar;C:\Users\Aleksander\.jdks\corretto-1.8.0_312\jre\lib\resources.jar;C:\Users\Aleksander\.jdks\corretto-1.8.0_312\jre\lib\rt.jar;C:\Users\Aleksander\Desktop\secondTime\target\classes;C:\Users\Aleksander\.m2\repository\org\springframework\data\spring-data-jpa\2.5.6\spring-data-jpa-2.5.6.jar;C:\Users\Aleksander\.m2\repository\org\springframework\data\spring-data-commons\2.5.6\spring-data-commons-2.5.6.jar;C:\Users\Aleksander\.m2\repository\org\springframework\spring-orm\5.3.12\spring-orm-5.3.12.jar;C:\Users\Aleksander\.m2\repository\org\springframework\spring-context\5.3.12\spring-context-5.3.12.jar;C:\Users\Aleksander\.m2\repository\org\springframework\spring-expression\5.3.12\spring-expression-5.3.12.jar;C:\Users\Aleksander\.m2\re
Launcher Type: SUN_STANDARD

Environment Variables:
PATH=C:\oraclexe\app\oracle\product\11.2.0\server\bin;C:\Program Files\Microsoft MPI\Bin\;D:\Python\Python36\Scripts\;D:\Python\Python36\;D:\oraclexe\app\oracle\product\11.2.0\server\bin;C:\WINDOWS\system32;C:\WINDOWS;C:\WINDOWS\System32\Wbem;C:\WINDOWS\System32\WindowsPowerShell\v1.0\;C:\WINDOWS\System32\OpenSSH\;D:\Git\cmd;C:\Program Files\Microsoft SQL Server\130\Tools\Binn\;C:\Program Files\Microsoft SQL Server\Client SDK\ODBC\170\Tools\Binn\;D:\Python\Python36;C:\Program Files (x86)\Microsoft SQL Server\150\Tools\Binn\;C:\Program Files\Microsoft SQL Server\150\Tools\Binn\;C:\Program Files\Microsoft SQL Server\150\DTS\Binn\;C:\Program Files (x86)\Microsoft SQL Server\150\DTS\Binn\;C:\Program Files\dotnet\;C:\ProgramData\chocolatey\bin;D:\matlab\s\runtime\win64;D:\matlab\s\bin;D:\rubyinstaller\Ruby27-x64\bin;C:\Users\Aleksander\AppData\Local\Microsoft\WindowsApps;;C:\Program Files\JetBrains\IntelliJ IDEA 2021.2.3\bin;;C:\Program Files\Azure Data Studio\bin;D:\ruby\RubyMine 2021.1\bin;;C:\Users\Aleksander\.dotnet\tools;D:\VSCODE\bin;C:\Program Files\heroku\bin
USERNAME=Aleksander
OS=Windows_NT
PROCESSOR_IDENTIFIER=Intel64 Family 6 Model 42 Stepping 7, GenuineIntel



---------------  S Y S T E M  ---------------

OS: Windows 10.0 , 64 bit Build 19041 (10.0.19041.1348)

CPU:total 4 (initial active 4) (2 cores per cpu, 2 threads per core) family 6 model 42 stepping 7, cmov, cx8, fxsr, mmx, sse, sse2, sse3, ssse3, sse4.1, sse4.2, popcnt, avx, clmul, ht, tsc, tscinvbit

Memory: 4k page, physical 8332156k(1122148k free), swap 14623612k(3028248k free)

vm_info: OpenJDK 64-Bit Server VM (25.312-b07) for windows-amd64 JRE (1.8.0_312-b07), built on Oct 14 2021 21:08:49 by "Administrator" with MS VC++ 12.0 (VS2013)

time: Mon Dec 06 11:08:52 2021
timezone: Srodkowoeuropejski czas stand.
elapsed time: 3.080486 seconds (0d 0h 0m 3s)

