#
# A fatal error has been detected by the Java Runtime Environment:
#
#  EXCEPTION_ACCESS_VIOLATION (0xc0000005) at pc=0x00007ffd8535e5c1, pid=11936, tid=12000
#
# JRE version: OpenJDK Runtime Environment (16.0+36) (build 16+36-2231)
# Java VM: OpenJDK 64-Bit Server VM (16+36-2231, mixed mode, sharing, tiered, compressed oops, g1 gc, windows-amd64)
# Problematic frame:
# V  [jvm.dll+0x2fe5c1]
#
# No core dump will be written. Minidumps are not enabled by default on client versions of Windows
#
# If you would like to submit a bug report, please visit:
#   https://bugreport.java.com/bugreport/crash.jsp
#

---------------  S U M M A R Y ------------

Command Line: -agentlib:jdwp=transport=dt_socket,address=127.0.0.1:56646,suspend=y,server=n -XX:TieredStopAtLevel=1 -Xverify:none -Dspring.output.ansi.enabled=always -javaagent:C:\Users\Aleksander\AppData\Local\JetBrains\IntelliJIdea2021.2\captureAgent\debugger-agent.jar -Dcom.sun.management.jmxremote -Dspring.jmx.enabled=true -Dspring.liveBeansView.mbeanDomain -Dspring.application.admin.enabled=true -Dfile.encoding=UTF-8 com.app.elista.EListaApplication

Host: Intel(R) Core(TM) i3-2100 CPU @ 3.10GHz, 4 cores, 7G,  Windows 10 , 64 bit Build 19041 (10.0.19041.1202)
Time: Sun Oct 24 12:44:50 2021  Windows 10 , 64 bit Build 19041 (10.0.19041.1202) elapsed time: 5.986829 seconds (0d 0h 0m 5s)

---------------  T H R E A D  ---------------

Current thread (0x000002081e84be10):  GCTaskThread "GC Thread#0" [stack: 0x0000008cee000000,0x0000008cee100000] [id=12000]

Stack: [0x0000008cee000000,0x0000008cee100000],  sp=0x0000008cee0ff650,  free space=1021k
Native frames: (J=compiled Java code, j=interpreted, Vv=VM code, C=native code)
V  [jvm.dll+0x2fe5c1]
V  [jvm.dll+0x2d1fe4]
V  [jvm.dll+0x2d28ea]
V  [jvm.dll+0x2d29e7]
V  [jvm.dll+0x2d84cb]
V  [jvm.dll+0x7f7d8b]
V  [jvm.dll+0x77952a]
V  [jvm.dll+0x667076]
C  [ucrtbase.dll+0x21bb2]
C  [KERNEL32.DLL+0x17034]
C  [ntdll.dll+0x52651]


siginfo: EXCEPTION_ACCESS_VIOLATION (0xc0000005), reading address 0x0000000000004000


Register to memory mapping:

RIP=0x00007ffd8535e5c1 jvm.dll
RAX=0x000002081e849568 points into unknown readable memory: 0x0000000000000000 | 00 00 00 00 00 00 00 00
RBX=0x00000208405d4190 points into unknown readable memory: 0x00007ffd85948928 | 28 89 94 85 fd 7f 00 00
RCX=0x0 is NULL
RDX=0x0 is NULL
RSP=0x0000008cee0ff650 points into unknown readable memory: 0x0000029b00000001 | 01 00 00 00 9b 02 00 00
RBP=0x000002081e719170 points into unknown readable memory: 0x00007ffd85942018 | 18 20 94 85 fd 7f 00 00
RSI=0x00000000858bae14 is pointing into object: java.lang.Class 
{0x00000000858bade0} - klass: 'java/lang/Class'
RDI=0x0000000000001fce is an unknown value
R8 =0x0 is NULL
R9 =0x0000029b00000158 is an unknown value
R10=0x0000000000004000 is an unknown value
R11=0x000002081e8269d0 points into unknown readable memory: 0x0000000000000000 | 00 00 00 00 00 00 00 00
R12=0x0000000000000002 is an unknown value
R13=0x0000008cee0ff770 points into unknown readable memory: 0x00007ffd85941fe0 | e0 1f 94 85 fd 7f 00 00
R14=0x00000208405d4190 points into unknown readable memory: 0x00007ffd85948928 | 28 89 94 85 fd 7f 00 00
R15=0x0000000000000002 is an unknown value


Registers:
RAX=0x000002081e849568, RBX=0x00000208405d4190, RCX=0x0000000000000000, RDX=0x0000000000000000
RSP=0x0000008cee0ff650, RBP=0x000002081e719170, RSI=0x00000000858bae14, RDI=0x0000000000001fce
R8 =0x0000000000000000, R9 =0x0000029b00000158, R10=0x0000000000004000, R11=0x000002081e8269d0
R12=0x0000000000000002, R13=0x0000008cee0ff770, R14=0x00000208405d4190, R15=0x0000000000000002
RIP=0x00007ffd8535e5c1, EFLAGS=0x0000000000010246

Top of Stack: (sp=0x0000008cee0ff650)
0x0000008cee0ff650:   0000029b00000001 00000208405d4190
0x0000008cee0ff660:   000002081e719170 0000029b00000157
0x0000008cee0ff670:   0000008cee5fea00 0000008cee0ff6f0
0x0000008cee0ff680:   0000000000000000 00007ffd85331fe4
0x0000008cee0ff690:   000002081e810000 00007ffd85946318
0x0000008cee0ff6a0:   00000000858bae15 00007ffd00000000
0x0000008cee0ff6b0:   0000000000000003 00007ffd85353397
0x0000008cee0ff6c0:   0000000000000000 0000000000000000
0x0000008cee0ff6d0:   0000008c00000000 00007ffd857e87fe
0x0000008cee0ff6e0:   0000000000000000 0000000000000000
0x0000008cee0ff6f0:   000002081e81d000 000002083ef17a20
0x0000008cee0ff700:   00000000000003d8 000002081e81d3d8
0x0000008cee0ff710:   0000008cee5fea00 0000000000000013
0x0000008cee0ff720:   0000000000000000 00007ffd853328ea
0x0000008cee0ff730:   0000000000000002 00000208405d4190
0x0000008cee0ff740:   00000208405d4190 00000000000942d0 

Instructions: (pc=0x00007ffd8535e5c1)
0x00007ffd8535e4c1:   83 3c 07 00 75 4d 45 33 c0 b9 40 02 00 00 41 8d
0x00007ffd8535e4d1:   50 05 e8 b8 a1 da ff 48 8b c8 48 85 c0 74 28 48
0x00007ffd8535e4e1:   8b 43 28 44 8b ce 4c 8b 43 08 48 8b 13 48 89 44
0x00007ffd8535e4f1:   24 30 48 8b 43 20 48 89 44 24 28 8b 43 30 89 44
0x00007ffd8535e501:   24 20 e8 08 ee ff ff 48 8b 4b 10 48 89 04 0f 48
0x00007ffd8535e511:   8b 43 10 48 8b 04 07 48 8b 5c 24 50 48 8b 74 24
0x00007ffd8535e521:   58 48 83 c4 40 5f c3 cc cc cc cc cc cc cc cc 40
0x00007ffd8535e531:   53 55 48 83 ec 28 48 8b ea 48 c7 44 24 50 00 00
0x00007ffd8535e541:   00 00 8b 91 c8 01 00 00 4c 8d 44 24 50 48 8b d9
0x00007ffd8535e551:   48 8b cd e8 87 2b fe ff 84 c0 0f 84 af 02 00 00
0x00007ffd8535e561:   48 89 74 24 48 48 89 7c 24 20 0f 1f 44 00 00 48
0x00007ffd8535e571:   8b 54 24 50 f6 c2 01 0f 84 43 01 00 00 8b 0d b4
0x00007ffd8535e581:   2a 77 00 48 8d 72 ff 48 8b 43 08 44 8b 16 49 d3
0x00007ffd8535e591:   e2 4c 03 15 97 2a 77 00 8b 88 78 05 00 00 49 8b
0x00007ffd8535e5a1:   d2 48 8b 80 68 05 00 00 48 d3 ea 0f b7 0c 50 66
0x00007ffd8535e5b1:   89 4c 24 40 66 c1 e9 08 84 c9 0f 88 20 02 00 00
0x00007ffd8535e5c1:   4d 8b 02 41 0f b6 c0 24 03 3c 03 75 1e 80 3d 8d
0x00007ffd8535e5d1:   93 7d 00 00 74 0f 41 0f b6 c0 24 07 3c 05 75 05
0x00007ffd8535e5e1:   45 33 c0 eb 1c 49 83 e0 fc eb 16 0f b7 54 24 40
0x00007ffd8535e5f1:   4d 8b c8 4d 8b c2 48 8b cb e8 f1 f4 ff ff 4c 8b
0x00007ffd8535e601:   c0 8b 0d 30 2a 77 00 49 8b d0 48 2b 15 1e 2a 77
0x00007ffd8535e611:   00 48 d3 ea 89 16 48 8b d6 8b 0d 70 9c 7d 00 49
0x00007ffd8535e621:   33 d0 48 d3 ea 48 85 d2 0f 84 b2 01 00 00 48 8b
0x00007ffd8535e631:   43 08 48 8b d6 8b 88 c0 01 00 00 48 8b 80 b0 01
0x00007ffd8535e641:   00 00 48 d3 ea 48 8b 0c d0 8b 81 cc 00 00 00 d1
0x00007ffd8535e651:   e8 a8 01 0f 85 87 01 00 00 48 8b 43 08 8b 88 78
0x00007ffd8535e661:   05 00 00 48 8b 80 68 05 00 00 49 d3 e8 42 80 3c
0x00007ffd8535e671:   40 00 0f 84 68 01 00 00 48 8b 83 80 00 00 00 48
0x00007ffd8535e681:   c1 ee 09 48 8b 78 48 48 8b 50 40 48 03 fe 48 2b
0x00007ffd8535e691:   fa 48 39 bb d0 01 00 00 0f 84 42 01 00 00 80 7b
0x00007ffd8535e6a1:   28 00 48 8d 4b 18 0f 84 1f 01 00 00 48 03 d7 e8
0x00007ffd8535e6b1:   7b c4 3a 00 48 89 bb d0 01 00 00 e9 20 01 00 00 


Stack slot to memory mapping:
stack at sp + 0 slots: 0x0000029b00000001 is an unknown value
stack at sp + 1 slots: 0x00000208405d4190 points into unknown readable memory: 0x00007ffd85948928 | 28 89 94 85 fd 7f 00 00
stack at sp + 2 slots: 0x000002081e719170 points into unknown readable memory: 0x00007ffd85942018 | 18 20 94 85 fd 7f 00 00
stack at sp + 3 slots: 0x0000029b00000157 is an unknown value
stack at sp + 4 slots: 0x0000008cee5fea00 points into unknown readable memory: 0x00007ffd859432b0 | b0 32 94 85 fd 7f 00 00
stack at sp + 5 slots: 0x0000008cee0ff6f0 points into unknown readable memory: 0x000002081e81d000 | 00 d0 81 1e 08 02 00 00
stack at sp + 6 slots: 0x0 is NULL
stack at sp + 7 slots: 0x00007ffd85331fe4 jvm.dll


---------------  P R O C E S S  ---------------

Threads class SMR info:
_java_thread_list=0x00000208406619c0, length=15, elements={
0x000002081e80de70, 0x000002083deecd30, 0x000002083deedbf0, 0x000002083defc9d0,
0x000002083deff2f0, 0x000002083deffc00, 0x000002083df01520, 0x000002083df01e30,
0x000002083df04790, 0x000002083decab40, 0x000002083e9bc2a0, 0x000002083e9cec90,
0x000002083e9d6610, 0x000002083ed0c600, 0x000002083ef3aaa0
}

Java Threads: ( => current thread )
  0x000002081e80de70 JavaThread "main" [_thread_blocked, id=10756, stack(0x0000008cedf00000,0x0000008cee000000)]
  0x000002083deecd30 JavaThread "Reference Handler" daemon [_thread_blocked, id=12284, stack(0x0000008cee600000,0x0000008cee700000)]
  0x000002083deedbf0 JavaThread "Finalizer" daemon [_thread_blocked, id=14024, stack(0x0000008cee700000,0x0000008cee800000)]
  0x000002083defc9d0 JavaThread "Signal Dispatcher" daemon [_thread_blocked, id=11064, stack(0x0000008cee800000,0x0000008cee900000)]
  0x000002083deff2f0 JavaThread "Attach Listener" daemon [_thread_blocked, id=7764, stack(0x0000008cee900000,0x0000008ceea00000)]
  0x000002083deffc00 JavaThread "Service Thread" daemon [_thread_blocked, id=4892, stack(0x0000008ceea00000,0x0000008ceeb00000)]
  0x000002083df01520 JavaThread "Monitor Deflation Thread" daemon [_thread_blocked, id=1816, stack(0x0000008ceeb00000,0x0000008ceec00000)]
  0x000002083df01e30 JavaThread "C1 CompilerThread0" daemon [_thread_blocked, id=8616, stack(0x0000008ceec00000,0x0000008ceed00000)]
  0x000002083df04790 JavaThread "Sweeper thread" daemon [_thread_blocked, id=2688, stack(0x0000008ceed00000,0x0000008ceee00000)]
  0x000002083decab40 JavaThread "Common-Cleaner" daemon [_thread_blocked, id=6264, stack(0x0000008ceee00000,0x0000008ceef00000)]
  0x000002083e9bc2a0 JavaThread "JDWP Transport Listener: dt_socket" daemon [_thread_blocked, id=9204, stack(0x0000008ceef00000,0x0000008cef000000)]
  0x000002083e9cec90 JavaThread "JDWP Event Helper Thread" daemon [_thread_blocked, id=14044, stack(0x0000008cef000000,0x0000008cef100000)]
  0x000002083e9d6610 JavaThread "JDWP Command Reader" daemon [_thread_in_native, id=6020, stack(0x0000008cef100000,0x0000008cef200000)]
  0x000002083ed0c600 JavaThread "Notification Thread" daemon [_thread_blocked, id=5816, stack(0x0000008cef200000,0x0000008cef300000)]
  0x000002083ef3aaa0 JavaThread "RMI TCP Accept-0" daemon [_thread_in_native, id=11288, stack(0x0000008cef700000,0x0000008cef800000)]

Other Threads:
  0x000002083dee8940 VMThread "VM Thread" [stack: 0x0000008cee500000,0x0000008cee600000] [id=8484]
  0x000002083ef50950 WatcherThread [stack: 0x0000008cef800000,0x0000008cef900000] [id=5196]
=>0x000002081e84be10 GCTaskThread "GC Thread#0" [stack: 0x0000008cee000000,0x0000008cee100000] [id=12000]
  0x000002083eefba80 GCTaskThread "GC Thread#1" [stack: 0x0000008cef300000,0x0000008cef400000] [id=6272]
  0x000002083ef104f0 GCTaskThread "GC Thread#2" [stack: 0x0000008cef400000,0x0000008cef500000] [id=11320]
  0x000002083ef0db30 GCTaskThread "GC Thread#3" [stack: 0x0000008cef500000,0x0000008cef600000] [id=7836]
  0x000002081e85cdd0 ConcurrentGCThread "G1 Main Marker" [stack: 0x0000008cee100000,0x0000008cee200000] [id=13004]
  0x000002081e85e850 ConcurrentGCThread "G1 Conc#0" [stack: 0x0000008cee200000,0x0000008cee300000] [id=11864]
  0x000002081e8c6c10 ConcurrentGCThread "G1 Refine#0" [stack: 0x0000008cee300000,0x0000008cee400000] [id=5472]
  0x000002083ef03790 ConcurrentGCThread "G1 Refine#1" [stack: 0x0000008cef600000,0x0000008cef700000] [id=4784]
  0x000002081e8c7690 ConcurrentGCThread "G1 Service" [stack: 0x0000008cee400000,0x0000008cee500000] [id=6000]

Threads with active compile tasks:

VM state: at safepoint (normal execution)

VM Mutex/Monitor currently owned by a thread:  ([mutex/lock_event])
[0x000002081e80a050] Threads_lock - owner thread: 0x000002083dee8940
[0x000002081e80b130] Heap_lock - owner thread: 0x000002081e80de70

Heap address: 0x0000000080c00000, size: 2036 MB, Compressed Oops mode: 32-bit
CDS archive(s) mapped at: [0x0000000800000000-0x0000000800bb0000-0x0000000800bb0000), size 12255232, SharedBaseAddress: 0x0000000800000000, ArchiveRelocationMode: 0.
Compressed class space mapped at: 0x0000000800c00000-0x0000000840c00000, reserved size: 1073741824
Narrow klass base: 0x0000000800000000, Narrow klass shift: 3, Narrow klass range: 0x100000000

GC Precious Log:
 CPUs: 4 total, 4 available
 Memory: 8136M
 Large Page Support: Disabled
 NUMA Support: Disabled
 Compressed Oops: Enabled (32-bit)
 Heap Region Size: 1M
 Heap Min Capacity: 8M
 Heap Initial Capacity: 128M
 Heap Max Capacity: 2036M
 Pre-touch: Disabled
 Parallel Workers: 4
 Concurrent Workers: 1
 Concurrent Refinement Workers: 4
 Periodic GC: Disabled

Heap:
 garbage-first heap   total 131072K, used 57276K [0x0000000080c00000, 0x0000000100000000)
  region size 1024K, 53 young (54272K), 8 survivors (8192K)
 Metaspace       used 20967K, committed 21248K, reserved 1073152K
  class space    used 2790K, committed 2944K, reserved 1048576K

Heap Regions: E=young(eden), S=young(survivor), O=old, HS=humongous(starts), HC=humongous(continues), CS=collection set, F=free, OA=open archive, CA=closed archive, TAMS=top-at-mark-start (previous, next)
|   0|0x0000000080c00000, 0x0000000080d00000, 0x0000000080d00000|100%|HS|  |TAMS 0x0000000080c00000, 0x0000000080d00000| Complete 
|   1|0x0000000080d00000, 0x0000000080e00000, 0x0000000080e00000|100%| O|  |TAMS 0x0000000080d00000, 0x0000000080e00000| Untracked 
|   2|0x0000000080e00000, 0x0000000080f00000, 0x0000000080f00000|100%| O|  |TAMS 0x0000000080e00000, 0x0000000080f00000| Untracked 
|   3|0x0000000080f00000, 0x0000000081000000, 0x0000000081000000|100%| O|  |TAMS 0x0000000080f00000, 0x0000000081000000| Untracked 
|   4|0x0000000081000000, 0x0000000081100000, 0x0000000081100000|100%| O|  |TAMS 0x0000000081000000, 0x0000000081100000| Untracked 
|   5|0x0000000081100000, 0x00000000811ef000, 0x0000000081200000| 93%| O|  |TAMS 0x0000000081100000, 0x00000000811ef000| Untracked 
|   6|0x0000000081200000, 0x0000000081200000, 0x0000000081300000|  0%| F|  |TAMS 0x0000000081200000, 0x0000000081200000| Untracked 
|   7|0x0000000081300000, 0x0000000081300000, 0x0000000081400000|  0%| F|  |TAMS 0x0000000081300000, 0x0000000081300000| Untracked 
|   8|0x0000000081400000, 0x0000000081400000, 0x0000000081500000|  0%| F|  |TAMS 0x0000000081400000, 0x0000000081400000| Untracked 
|   9|0x0000000081500000, 0x0000000081500000, 0x0000000081600000|  0%| F|  |TAMS 0x0000000081500000, 0x0000000081500000| Untracked 
|  10|0x0000000081600000, 0x0000000081600000, 0x0000000081700000|  0%| F|  |TAMS 0x0000000081600000, 0x0000000081600000| Untracked 
|  11|0x0000000081700000, 0x0000000081700000, 0x0000000081800000|  0%| F|  |TAMS 0x0000000081700000, 0x0000000081700000| Untracked 
|  12|0x0000000081800000, 0x0000000081800000, 0x0000000081900000|  0%| F|  |TAMS 0x0000000081800000, 0x0000000081800000| Untracked 
|  13|0x0000000081900000, 0x0000000081900000, 0x0000000081a00000|  0%| F|  |TAMS 0x0000000081900000, 0x0000000081900000| Untracked 
|  14|0x0000000081a00000, 0x0000000081a00000, 0x0000000081b00000|  0%| F|  |TAMS 0x0000000081a00000, 0x0000000081a00000| Untracked 
|  15|0x0000000081b00000, 0x0000000081b00000, 0x0000000081c00000|  0%| F|  |TAMS 0x0000000081b00000, 0x0000000081b00000| Untracked 
|  16|0x0000000081c00000, 0x0000000081c00000, 0x0000000081d00000|  0%| F|  |TAMS 0x0000000081c00000, 0x0000000081c00000| Untracked 
|  17|0x0000000081d00000, 0x0000000081d00000, 0x0000000081e00000|  0%| F|  |TAMS 0x0000000081d00000, 0x0000000081d00000| Untracked 
|  18|0x0000000081e00000, 0x0000000081e00000, 0x0000000081f00000|  0%| F|  |TAMS 0x0000000081e00000, 0x0000000081e00000| Untracked 
|  19|0x0000000081f00000, 0x0000000081f00000, 0x0000000082000000|  0%| F|  |TAMS 0x0000000081f00000, 0x0000000081f00000| Untracked 
|  20|0x0000000082000000, 0x0000000082000000, 0x0000000082100000|  0%| F|  |TAMS 0x0000000082000000, 0x0000000082000000| Untracked 
|  21|0x0000000082100000, 0x0000000082100000, 0x0000000082200000|  0%| F|  |TAMS 0x0000000082100000, 0x0000000082100000| Untracked 
|  22|0x0000000082200000, 0x0000000082200000, 0x0000000082300000|  0%| F|  |TAMS 0x0000000082200000, 0x0000000082200000| Untracked 
|  23|0x0000000082300000, 0x0000000082300000, 0x0000000082400000|  0%| F|  |TAMS 0x0000000082300000, 0x0000000082300000| Untracked 
|  24|0x0000000082400000, 0x0000000082400000, 0x0000000082500000|  0%| F|  |TAMS 0x0000000082400000, 0x0000000082400000| Untracked 
|  25|0x0000000082500000, 0x0000000082500000, 0x0000000082600000|  0%| F|  |TAMS 0x0000000082500000, 0x0000000082500000| Untracked 
|  26|0x0000000082600000, 0x0000000082600000, 0x0000000082700000|  0%| F|  |TAMS 0x0000000082600000, 0x0000000082600000| Untracked 
|  27|0x0000000082700000, 0x0000000082700000, 0x0000000082800000|  0%| F|  |TAMS 0x0000000082700000, 0x0000000082700000| Untracked 
|  28|0x0000000082800000, 0x0000000082800000, 0x0000000082900000|  0%| F|  |TAMS 0x0000000082800000, 0x0000000082800000| Untracked 
|  29|0x0000000082900000, 0x0000000082900000, 0x0000000082a00000|  0%| F|  |TAMS 0x0000000082900000, 0x0000000082900000| Untracked 
|  30|0x0000000082a00000, 0x0000000082a00000, 0x0000000082b00000|  0%| F|  |TAMS 0x0000000082a00000, 0x0000000082a00000| Untracked 
|  31|0x0000000082b00000, 0x0000000082b00000, 0x0000000082c00000|  0%| F|  |TAMS 0x0000000082b00000, 0x0000000082b00000| Untracked 
|  32|0x0000000082c00000, 0x0000000082c00000, 0x0000000082d00000|  0%| F|  |TAMS 0x0000000082c00000, 0x0000000082c00000| Untracked 
|  33|0x0000000082d00000, 0x0000000082d00000, 0x0000000082e00000|  0%| F|  |TAMS 0x0000000082d00000, 0x0000000082d00000| Untracked 
|  34|0x0000000082e00000, 0x0000000082e00000, 0x0000000082f00000|  0%| F|  |TAMS 0x0000000082e00000, 0x0000000082e00000| Untracked 
|  35|0x0000000082f00000, 0x0000000082f00000, 0x0000000083000000|  0%| F|  |TAMS 0x0000000082f00000, 0x0000000082f00000| Untracked 
|  36|0x0000000083000000, 0x0000000083000000, 0x0000000083100000|  0%| F|  |TAMS 0x0000000083000000, 0x0000000083000000| Untracked 
|  37|0x0000000083100000, 0x0000000083100000, 0x0000000083200000|  0%| F|  |TAMS 0x0000000083100000, 0x0000000083100000| Untracked 
|  38|0x0000000083200000, 0x0000000083200000, 0x0000000083300000|  0%| F|  |TAMS 0x0000000083200000, 0x0000000083200000| Untracked 
|  39|0x0000000083300000, 0x0000000083300000, 0x0000000083400000|  0%| F|  |TAMS 0x0000000083300000, 0x0000000083300000| Untracked 
|  40|0x0000000083400000, 0x0000000083400000, 0x0000000083500000|  0%| F|  |TAMS 0x0000000083400000, 0x0000000083400000| Untracked 
|  41|0x0000000083500000, 0x0000000083500000, 0x0000000083600000|  0%| F|  |TAMS 0x0000000083500000, 0x0000000083500000| Untracked 
|  42|0x0000000083600000, 0x0000000083600000, 0x0000000083700000|  0%| F|  |TAMS 0x0000000083600000, 0x0000000083600000| Untracked 
|  43|0x0000000083700000, 0x0000000083700000, 0x0000000083800000|  0%| F|  |TAMS 0x0000000083700000, 0x0000000083700000| Untracked 
|  44|0x0000000083800000, 0x0000000083800000, 0x0000000083900000|  0%| F|  |TAMS 0x0000000083800000, 0x0000000083800000| Untracked 
|  45|0x0000000083900000, 0x0000000083900000, 0x0000000083a00000|  0%| F|  |TAMS 0x0000000083900000, 0x0000000083900000| Untracked 
|  46|0x0000000083a00000, 0x0000000083a00000, 0x0000000083b00000|  0%| F|  |TAMS 0x0000000083a00000, 0x0000000083a00000| Untracked 
|  47|0x0000000083b00000, 0x0000000083c00000, 0x0000000083c00000|100%| E|CS|TAMS 0x0000000083b00000, 0x0000000083c00000| Complete 
|  48|0x0000000083c00000, 0x0000000083d00000, 0x0000000083d00000|100%| E|CS|TAMS 0x0000000083c00000, 0x0000000083d00000| Complete 
|  49|0x0000000083d00000, 0x0000000083e00000, 0x0000000083e00000|100%| E|CS|TAMS 0x0000000083d00000, 0x0000000083e00000| Complete 
|  50|0x0000000083e00000, 0x0000000083f00000, 0x0000000083f00000|100%| E|CS|TAMS 0x0000000083e00000, 0x0000000083f00000| Complete 
|  51|0x0000000083f00000, 0x0000000084000000, 0x0000000084000000|100%| E|CS|TAMS 0x0000000083f00000, 0x0000000084000000| Complete 
|  52|0x0000000084000000, 0x0000000084000000, 0x0000000084100000|  0%| F|  |TAMS 0x0000000084000000, 0x0000000084000000| Untracked 
|  53|0x0000000084100000, 0x0000000084100000, 0x0000000084200000|  0%| F|  |TAMS 0x0000000084100000, 0x0000000084100000| Untracked 
|  54|0x0000000084200000, 0x0000000084200000, 0x0000000084300000|  0%| F|  |TAMS 0x0000000084200000, 0x0000000084200000| Untracked 
|  55|0x0000000084300000, 0x0000000084300000, 0x0000000084400000|  0%| F|  |TAMS 0x0000000084300000, 0x0000000084300000| Untracked 
|  56|0x0000000084400000, 0x0000000084400000, 0x0000000084500000|  0%| F|  |TAMS 0x0000000084400000, 0x0000000084400000| Untracked 
|  57|0x0000000084500000, 0x0000000084500000, 0x0000000084600000|  0%| F|  |TAMS 0x0000000084500000, 0x0000000084500000| Untracked 
|  58|0x0000000084600000, 0x0000000084600000, 0x0000000084700000|  0%| F|  |TAMS 0x0000000084600000, 0x0000000084600000| Untracked 
|  59|0x0000000084700000, 0x0000000084700000, 0x0000000084800000|  0%| F|  |TAMS 0x0000000084700000, 0x0000000084700000| Untracked 
|  60|0x0000000084800000, 0x0000000084800000, 0x0000000084900000|  0%| F|  |TAMS 0x0000000084800000, 0x0000000084800000| Untracked 
|  61|0x0000000084900000, 0x0000000084900000, 0x0000000084a00000|  0%| F|  |TAMS 0x0000000084900000, 0x0000000084900000| Untracked 
|  62|0x0000000084a00000, 0x0000000084a00000, 0x0000000084b00000|  0%| F|  |TAMS 0x0000000084a00000, 0x0000000084a00000| Untracked 
|  63|0x0000000084b00000, 0x0000000084b00000, 0x0000000084c00000|  0%| F|  |TAMS 0x0000000084b00000, 0x0000000084b00000| Untracked 
|  64|0x0000000084c00000, 0x0000000084c00000, 0x0000000084d00000|  0%| F|  |TAMS 0x0000000084c00000, 0x0000000084c00000| Untracked 
|  65|0x0000000084d00000, 0x0000000084d00000, 0x0000000084e00000|  0%| F|  |TAMS 0x0000000084d00000, 0x0000000084d00000| Untracked 
|  66|0x0000000084e00000, 0x0000000084e00000, 0x0000000084f00000|  0%| F|  |TAMS 0x0000000084e00000, 0x0000000084e00000| Untracked 
|  67|0x0000000084f00000, 0x0000000084f00000, 0x0000000085000000|  0%| F|  |TAMS 0x0000000084f00000, 0x0000000084f00000| Untracked 
|  68|0x0000000085000000, 0x0000000085000000, 0x0000000085100000|  0%| F|  |TAMS 0x0000000085000000, 0x0000000085000000| Untracked 
|  69|0x0000000085100000, 0x0000000085100000, 0x0000000085200000|  0%| F|  |TAMS 0x0000000085100000, 0x0000000085100000| Untracked 
|  70|0x0000000085200000, 0x0000000085200000, 0x0000000085300000|  0%| F|  |TAMS 0x0000000085200000, 0x0000000085200000| Untracked 
|  71|0x0000000085300000, 0x0000000085300000, 0x0000000085400000|  0%| F|  |TAMS 0x0000000085300000, 0x0000000085300000| Untracked 
|  72|0x0000000085400000, 0x0000000085400000, 0x0000000085500000|  0%| F|  |TAMS 0x0000000085400000, 0x0000000085400000| Untracked 
|  73|0x0000000085500000, 0x0000000085500000, 0x0000000085600000|  0%| F|  |TAMS 0x0000000085500000, 0x0000000085500000| Untracked 
|  74|0x0000000085600000, 0x0000000085600000, 0x0000000085700000|  0%| F|  |TAMS 0x0000000085600000, 0x0000000085600000| Untracked 
|  75|0x0000000085700000, 0x000000008578fef0, 0x0000000085800000| 56%| S|  |TAMS 0x0000000085700000, 0x0000000085700000| Complete 
|  76|0x0000000085800000, 0x0000000085900000, 0x0000000085900000|100%| S|  |TAMS 0x0000000085800000, 0x0000000085800000| Complete 
|  77|0x0000000085900000, 0x0000000085a00000, 0x0000000085a00000|100%| S|  |TAMS 0x0000000085900000, 0x0000000085900000| Complete 
|  78|0x0000000085a00000, 0x0000000085b00000, 0x0000000085b00000|100%| S|  |TAMS 0x0000000085a00000, 0x0000000085a00000| Complete 
|  79|0x0000000085b00000, 0x0000000085c00000, 0x0000000085c00000|100%| S|  |TAMS 0x0000000085b00000, 0x0000000085b00000| Complete 
|  80|0x0000000085c00000, 0x0000000085d00000, 0x0000000085d00000|100%| S|  |TAMS 0x0000000085c00000, 0x0000000085c00000| Complete 
|  81|0x0000000085d00000, 0x0000000085e00000, 0x0000000085e00000|100%| S|  |TAMS 0x0000000085d00000, 0x0000000085d00000| Complete 
|  82|0x0000000085e00000, 0x0000000085f00000, 0x0000000085f00000|100%| S|  |TAMS 0x0000000085e00000, 0x0000000085e00000| Complete 
|  83|0x0000000085f00000, 0x0000000086000000, 0x0000000086000000|100%| E|CS|TAMS 0x0000000085f00000, 0x0000000086000000| Complete 
|  84|0x0000000086000000, 0x0000000086100000, 0x0000000086100000|100%| E|CS|TAMS 0x0000000086000000, 0x0000000086100000| Complete 
|  85|0x0000000086100000, 0x0000000086200000, 0x0000000086200000|100%| E|CS|TAMS 0x0000000086100000, 0x0000000086200000| Complete 
|  86|0x0000000086200000, 0x0000000086300000, 0x0000000086300000|100%| E|CS|TAMS 0x0000000086200000, 0x0000000086300000| Complete 
|  87|0x0000000086300000, 0x0000000086400000, 0x0000000086400000|100%| E|CS|TAMS 0x0000000086300000, 0x0000000086400000| Complete 
|  88|0x0000000086400000, 0x0000000086500000, 0x0000000086500000|100%| E|CS|TAMS 0x0000000086400000, 0x0000000086500000| Complete 
|  89|0x0000000086500000, 0x0000000086600000, 0x0000000086600000|100%| E|CS|TAMS 0x0000000086500000, 0x0000000086600000| Complete 
|  90|0x0000000086600000, 0x0000000086700000, 0x0000000086700000|100%| E|CS|TAMS 0x0000000086600000, 0x0000000086700000| Complete 
|  91|0x0000000086700000, 0x0000000086800000, 0x0000000086800000|100%| E|CS|TAMS 0x0000000086700000, 0x0000000086800000| Complete 
|  92|0x0000000086800000, 0x0000000086900000, 0x0000000086900000|100%| E|CS|TAMS 0x0000000086800000, 0x0000000086900000| Complete 
|  93|0x0000000086900000, 0x0000000086a00000, 0x0000000086a00000|100%| E|CS|TAMS 0x0000000086900000, 0x0000000086a00000| Complete 
|  94|0x0000000086a00000, 0x0000000086b00000, 0x0000000086b00000|100%| E|CS|TAMS 0x0000000086a00000, 0x0000000086b00000| Complete 
|  95|0x0000000086b00000, 0x0000000086c00000, 0x0000000086c00000|100%| E|CS|TAMS 0x0000000086b00000, 0x0000000086c00000| Complete 
|  96|0x0000000086c00000, 0x0000000086d00000, 0x0000000086d00000|100%| E|CS|TAMS 0x0000000086c00000, 0x0000000086d00000| Complete 
|  97|0x0000000086d00000, 0x0000000086e00000, 0x0000000086e00000|100%| E|CS|TAMS 0x0000000086d00000, 0x0000000086e00000| Complete 
|  98|0x0000000086e00000, 0x0000000086f00000, 0x0000000086f00000|100%| E|CS|TAMS 0x0000000086e00000, 0x0000000086f00000| Complete 
|  99|0x0000000086f00000, 0x0000000087000000, 0x0000000087000000|100%| E|CS|TAMS 0x0000000086f00000, 0x0000000087000000| Complete 
| 100|0x0000000087000000, 0x0000000087100000, 0x0000000087100000|100%| E|CS|TAMS 0x0000000087000000, 0x0000000087100000| Complete 
| 101|0x0000000087100000, 0x0000000087200000, 0x0000000087200000|100%| E|CS|TAMS 0x0000000087100000, 0x0000000087200000| Complete 
| 102|0x0000000087200000, 0x0000000087300000, 0x0000000087300000|100%| E|CS|TAMS 0x0000000087200000, 0x0000000087300000| Complete 
| 103|0x0000000087300000, 0x0000000087400000, 0x0000000087400000|100%| E|CS|TAMS 0x0000000087300000, 0x0000000087400000| Complete 
| 104|0x0000000087400000, 0x0000000087500000, 0x0000000087500000|100%| E|CS|TAMS 0x0000000087400000, 0x0000000087500000| Complete 
| 105|0x0000000087500000, 0x0000000087600000, 0x0000000087600000|100%| E|CS|TAMS 0x0000000087500000, 0x0000000087600000| Complete 
| 106|0x0000000087600000, 0x0000000087700000, 0x0000000087700000|100%| E|CS|TAMS 0x0000000087600000, 0x0000000087700000| Complete 
| 107|0x0000000087700000, 0x0000000087800000, 0x0000000087800000|100%| E|CS|TAMS 0x0000000087700000, 0x0000000087800000| Complete 
| 108|0x0000000087800000, 0x0000000087900000, 0x0000000087900000|100%| E|CS|TAMS 0x0000000087800000, 0x0000000087900000| Complete 
| 109|0x0000000087900000, 0x0000000087a00000, 0x0000000087a00000|100%| E|CS|TAMS 0x0000000087900000, 0x0000000087a00000| Complete 
| 110|0x0000000087a00000, 0x0000000087b00000, 0x0000000087b00000|100%| E|CS|TAMS 0x0000000087a00000, 0x0000000087b00000| Complete 
| 111|0x0000000087b00000, 0x0000000087c00000, 0x0000000087c00000|100%| E|CS|TAMS 0x0000000087b00000, 0x0000000087c00000| Complete 
| 112|0x0000000087c00000, 0x0000000087d00000, 0x0000000087d00000|100%| E|CS|TAMS 0x0000000087c00000, 0x0000000087d00000| Complete 
| 113|0x0000000087d00000, 0x0000000087e00000, 0x0000000087e00000|100%| E|CS|TAMS 0x0000000087d00000, 0x0000000087e00000| Complete 
| 114|0x0000000087e00000, 0x0000000087f00000, 0x0000000087f00000|100%| E|CS|TAMS 0x0000000087e00000, 0x0000000087f00000| Complete 
| 115|0x0000000087f00000, 0x0000000088000000, 0x0000000088000000|100%| E|CS|TAMS 0x0000000087f00000, 0x0000000088000000| Complete 
| 116|0x0000000088000000, 0x0000000088100000, 0x0000000088100000|100%| E|CS|TAMS 0x0000000088000000, 0x0000000088100000| Complete 
| 117|0x0000000088100000, 0x0000000088200000, 0x0000000088200000|100%| E|CS|TAMS 0x0000000088100000, 0x0000000088200000| Complete 
| 118|0x0000000088200000, 0x0000000088300000, 0x0000000088300000|100%| E|CS|TAMS 0x0000000088200000, 0x0000000088300000| Complete 
| 119|0x0000000088300000, 0x0000000088400000, 0x0000000088400000|100%| E|CS|TAMS 0x0000000088300000, 0x0000000088400000| Complete 
| 120|0x0000000088400000, 0x0000000088500000, 0x0000000088500000|100%| E|CS|TAMS 0x0000000088400000, 0x0000000088500000| Complete 
| 121|0x0000000088500000, 0x0000000088600000, 0x0000000088600000|100%| E|CS|TAMS 0x0000000088500000, 0x0000000088600000| Complete 
| 122|0x0000000088600000, 0x0000000088700000, 0x0000000088700000|100%| E|CS|TAMS 0x0000000088600000, 0x0000000088700000| Complete 
| 123|0x0000000088700000, 0x0000000088800000, 0x0000000088800000|100%| E|CS|TAMS 0x0000000088700000, 0x0000000088800000| Complete 
| 124|0x0000000088800000, 0x0000000088900000, 0x0000000088900000|100%| E|CS|TAMS 0x0000000088800000, 0x0000000088900000| Complete 
| 125|0x0000000088900000, 0x0000000088a00000, 0x0000000088a00000|100%| E|CS|TAMS 0x0000000088900000, 0x0000000088a00000| Complete 
| 126|0x0000000088a00000, 0x0000000088b00000, 0x0000000088b00000|100%| E|CS|TAMS 0x0000000088a00000, 0x0000000088b00000| Complete 
| 127|0x0000000088b00000, 0x0000000088c00000, 0x0000000088c00000|100%| E|CS|TAMS 0x0000000088b00000, 0x0000000088c00000| Complete 

Card table byte_map: [0x00000208371b0000,0x00000208375b0000] _byte_map_base: 0x0000020836daa000

Marking Bits (Prev, Next): (CMBitMap*) 0x000002081e84c500, (CMBitMap*) 0x000002081e84c540
 Prev Bits: [0x00000208379b0000, 0x0000020839980000)
 Next Bits: [0x0000020839980000, 0x000002083b950000)

Polling page: 0x000002081e6b0000

Metaspace:

Usage:
  Non-class:     17.75 MB used.
      Class:      2.73 MB used.
       Both:     20.48 MB used.

Virtual space:
  Non-class space:       24.00 MB reserved,      17.88 MB ( 74%) committed,  3 nodes.
      Class space:        1.00 GB reserved,       2.88 MB ( <1%) committed,  1 nodes.
              Both:        1.02 GB reserved,      20.75 MB (  2%) committed. 

Chunk freelists:
   Non-Class:  1.38 MB
       Class:  1.07 MB
        Both:  2.44 MB

MaxMetaspaceSize: 17179869184.00 GB
CompressedClassSpaceSize: 1.00 GB
 - commit_granule_bytes: 65536.
 - commit_granule_words: 8192.
 - virtual_space_node_default_size: 1048576.
 - enlarge_chunks_in_place: 1.
 - new_chunks_are_fully_committed: 0.
 - uncommit_free_chunks: 1.
 - use_allocation_guard: 0.
 - handle_deallocations: 1.


Internal statistics:

num_allocs_failed_limit: 3.
num_arena_births: 344.
num_arena_deaths: 0.
num_vsnodes_births: 4.
num_vsnodes_deaths: 0.
num_space_committed: 332.
num_space_uncommitted: 0.
num_chunks_returned_to_freelist: 3.
num_chunks_taken_from_freelist: 1070.
num_chunk_merges: 0.
num_chunk_splits: 708.
num_chunks_enlarged: 508.
num_purges: 0.

CodeHeap 'non-profiled nmethods': size=238912Kb used=5380Kb max_used=5380Kb free=233531Kb
 bounds [0x0000020827e40000, 0x0000020828390000, 0x0000020836790000]
CodeHeap 'non-nmethods': size=6848Kb used=1280Kb max_used=1280Kb free=5567Kb
 bounds [0x0000020827790000, 0x0000020827a00000, 0x0000020827e40000]
 total_blobs=3717 nmethods=3208 adapters=436
 compilation: enabled
              stopped_count=0, restarted_count=0
 full_count=0

Compilation events (20 events):
Event: 5.934 Thread 0x000002083df01e30 3199       1       java.beans.FeatureDescriptor::setName (6 bytes)
Event: 5.934 Thread 0x000002083df01e30 nmethod 3199 0x000002082837d410 code [0x000002082837d5a0, 0x000002082837d6b8]
Event: 5.934 Thread 0x000002083df01e30 3200       1       sun.reflect.generics.repository.GenericDeclRepository::getTypeParameters (27 bytes)
Event: 5.936 Thread 0x000002083df01e30 nmethod 3200 0x000002082837d710 code [0x000002082837d8c0, 0x000002082837dab8]
Event: 5.936 Thread 0x000002083df01e30 3202       1       java.util.StringJoiner::compactElts (93 bytes)
Event: 5.936 Thread 0x000002083df01e30 nmethod 3202 0x000002082837db90 code [0x000002082837dd80, 0x000002082837e358]
Event: 5.936 Thread 0x000002083df01e30 3201       1       java.util.StringJoiner::<init> (10 bytes)
Event: 5.937 Thread 0x000002083df01e30 nmethod 3201 0x000002082837e790 code [0x000002082837e940, 0x000002082837ea48]
Event: 5.938 Thread 0x000002083df01e30 3203       1       java.lang.reflect.Modifier::methodModifiers (4 bytes)
Event: 5.938 Thread 0x000002083df01e30 nmethod 3203 0x000002082837eb10 code [0x000002082837eca0, 0x000002082837ed58]
Event: 5.938 Thread 0x000002083df01e30 3204  s    1       java.util.Hashtable::put (104 bytes)
Event: 5.939 Thread 0x000002083df01e30 nmethod 3204 0x000002082837ee10 code [0x000002082837f000, 0x000002082837f458]
Event: 5.939 Thread 0x000002083df01e30 3205       1       java.lang.Class::getMethods (26 bytes)
Event: 5.939 Thread 0x000002083df01e30 nmethod 3205 0x000002082837f690 code [0x000002082837f860, 0x000002082837f9b8]
Event: 5.939 Thread 0x000002083df01e30 3206       1       java.beans.FeatureDescriptor::getWeakReference (17 bytes)
Event: 5.939 Thread 0x000002083df01e30 nmethod 3206 0x000002082837fa90 code [0x000002082837fc40, 0x000002082837fe58]
Event: 5.941 Thread 0x000002083df01e30 3208       1       java.lang.reflect.Method::getTypeParameters (20 bytes)
Event: 5.943 Thread 0x000002083df01e30 nmethod 3208 0x0000020828380410 code [0x0000020828380600, 0x0000020828380be8]
Event: 5.946 Thread 0x000002083df01e30 3209       1       com.sun.beans.util.Cache$Kind$Soft::getReferent (5 bytes)
Event: 5.947 Thread 0x000002083df01e30 nmethod 3209 0x0000020828380e90 code [0x0000020828381020, 0x0000020828381138]

GC Heap History (9 events):
Event: 1.707 GC heap before
{Heap before GC invocations=0 (full 0):
 garbage-first heap   total 131072K, used 13312K [0x0000000080c00000, 0x0000000100000000)
  region size 1024K, 13 young (13312K), 0 survivors (0K)
 Metaspace       used 3327K, committed 3456K, reserved 1056768K
  class space    used 394K, committed 448K, reserved 1048576K
}
Event: 1.724 GC heap after
{Heap after GC invocations=1 (full 0):
 garbage-first heap   total 131072K, used 6205K [0x0000000080c00000, 0x0000000100000000)
  region size 1024K, 2 young (2048K), 2 survivors (2048K)
 Metaspace       used 3327K, committed 3456K, reserved 1056768K
  class space    used 394K, committed 448K, reserved 1048576K
}
Event: 2.424 GC heap before
{Heap before GC invocations=1 (full 0):
 garbage-first heap   total 131072K, used 16445K [0x0000000080c00000, 0x0000000100000000)
  region size 1024K, 13 young (13312K), 2 survivors (2048K)
 Metaspace       used 6041K, committed 6272K, reserved 1056768K
  class space    used 695K, committed 832K, reserved 1048576K
}
Event: 2.430 GC heap after
{Heap after GC invocations=2 (full 0):
 garbage-first heap   total 131072K, used 7575K [0x0000000080c00000, 0x0000000100000000)
  region size 1024K, 2 young (2048K), 2 survivors (2048K)
 Metaspace       used 6041K, committed 6272K, reserved 1056768K
  class space    used 695K, committed 832K, reserved 1048576K
}
Event: 3.579 GC heap before
{Heap before GC invocations=2 (full 0):
 garbage-first heap   total 131072K, used 30103K [0x0000000080c00000, 0x0000000100000000)
  region size 1024K, 24 young (24576K), 2 survivors (2048K)
 Metaspace       used 10080K, committed 10304K, reserved 1064960K
  class space    used 1338K, committed 1472K, reserved 1048576K
}
Event: 3.585 GC heap after
{Heap after GC invocations=3 (full 0):
 garbage-first heap   total 131072K, used 9049K [0x0000000080c00000, 0x0000000100000000)
  region size 1024K, 3 young (3072K), 3 survivors (3072K)
 Metaspace       used 10080K, committed 10304K, reserved 1064960K
  class space    used 1338K, committed 1472K, reserved 1048576K
}
Event: 4.554 GC heap before
{Heap before GC invocations=3 (full 0):
 garbage-first heap   total 131072K, used 82777K [0x0000000080c00000, 0x0000000100000000)
  region size 1024K, 76 young (77824K), 3 survivors (3072K)
 Metaspace       used 16176K, committed 16384K, reserved 1064960K
  class space    used 2087K, committed 2176K, reserved 1048576K
}
Event: 4.564 GC heap after
{Heap after GC invocations=4 (full 0):
 garbage-first heap   total 131072K, used 11196K [0x0000000080c00000, 0x0000000100000000)
  region size 1024K, 5 young (5120K), 5 survivors (5120K)
 Metaspace       used 16176K, committed 16384K, reserved 1064960K
  class space    used 2087K, committed 2176K, reserved 1048576K
}
Event: 5.956 GC heap before
{Heap before GC invocations=4 (full 0):
 garbage-first heap   total 131072K, used 56252K [0x0000000080c00000, 0x0000000100000000)
  region size 1024K, 50 young (51200K), 5 survivors (5120K)
 Metaspace       used 20967K, committed 21248K, reserved 1073152K
  class space    used 2790K, committed 2944K, reserved 1048576K
}

Deoptimization events (20 events):
Event: 5.946 Thread 0x000002081e80de70 DEOPT PACKING pc=0x0000020827f79974 sp=0x0000008cedffdfd0
Event: 5.946 Thread 0x000002081e80de70 DEOPT UNPACKING pc=0x00000208277ddece sp=0x0000008cedffd4c0 mode 1
Event: 5.946 Thread 0x000002081e80de70 DEOPT PACKING pc=0x0000020828004ce4 sp=0x0000008cedffd470
Event: 5.946 Thread 0x000002081e80de70 DEOPT UNPACKING pc=0x00000208277ddece sp=0x0000008cedffc908 mode 1
Event: 5.946 Thread 0x000002081e80de70 DEOPT PACKING pc=0x0000020827fd8e9c sp=0x0000008cedffd540
Event: 5.946 Thread 0x000002081e80de70 DEOPT UNPACKING pc=0x00000208277ddece sp=0x0000008cedffc9f8 mode 1
Event: 5.946 Thread 0x000002081e80de70 DEOPT PACKING pc=0x0000020827f79974 sp=0x0000008cedffdf60
Event: 5.946 Thread 0x000002081e80de70 DEOPT UNPACKING pc=0x00000208277ddece sp=0x0000008cedffd450 mode 1
Event: 5.946 Thread 0x000002081e80de70 DEOPT PACKING pc=0x0000020828167c9c sp=0x0000008cedffdfa0
Event: 5.946 Thread 0x000002081e80de70 DEOPT UNPACKING pc=0x00000208277ddece sp=0x0000008cedffd470 mode 1
Event: 5.948 Thread 0x000002081e80de70 DEOPT PACKING pc=0x00000208282801fc sp=0x0000008cedffde50
Event: 5.948 Thread 0x000002081e80de70 DEOPT UNPACKING pc=0x00000208277ddece sp=0x0000008cedffd3c8 mode 1
Event: 5.948 Thread 0x000002081e80de70 DEOPT PACKING pc=0x00000208282801fc sp=0x0000008cedffded0
Event: 5.948 Thread 0x000002081e80de70 DEOPT UNPACKING pc=0x00000208277ddece sp=0x0000008cedffd448 mode 1
Event: 5.948 Thread 0x000002081e80de70 DEOPT PACKING pc=0x00000208282801fc sp=0x0000008cedffded0
Event: 5.948 Thread 0x000002081e80de70 DEOPT UNPACKING pc=0x00000208277ddece sp=0x0000008cedffd448 mode 1
Event: 5.948 Thread 0x000002081e80de70 DEOPT PACKING pc=0x00000208282801fc sp=0x0000008cedffded0
Event: 5.948 Thread 0x000002081e80de70 DEOPT UNPACKING pc=0x00000208277ddece sp=0x0000008cedffd448 mode 1
Event: 5.948 Thread 0x000002081e80de70 DEOPT PACKING pc=0x00000208281fe47c sp=0x0000008cedffde70
Event: 5.948 Thread 0x000002081e80de70 DEOPT UNPACKING pc=0x00000208277ddece sp=0x0000008cedffd3b8 mode 1

Classes unloaded (0 events):
No events

Classes redefined (0 events):
No events

Internal exceptions (20 events):
Event: 5.863 Thread 0x000002081e80de70 Exception <a 'java/lang/NoClassDefFoundError'{0x000000008614e298}: org/jooq/DSLContext> (0x000000008614e298) 
thrown [t:\workspace\open\src\hotspot\share\classfile\systemDictionary.cpp, line 245]
Event: 5.865 Thread 0x000002081e80de70 Exception <a 'java/lang/NoClassDefFoundError'{0x000000008615a668}: org/springframework/batch/core/repository/JobRepository> (0x000000008615a668) 
thrown [t:\workspace\open\src\hotspot\share\classfile\systemDictionary.cpp, line 245]
Event: 5.865 Thread 0x000002081e80de70 Exception <a 'java/lang/NoClassDefFoundError'{0x000000008615bab8}: org/quartz/Scheduler> (0x000000008615bab8) 
thrown [t:\workspace\open\src\hotspot\share\classfile\systemDictionary.cpp, line 245]
Event: 5.866 Thread 0x000002081e80de70 Exception <a 'java/lang/NoClassDefFoundError'{0x000000008615d238}: org/springframework/session/jdbc/JdbcIndexedSessionRepository> (0x000000008615d238) 
thrown [t:\workspace\open\src\hotspot\share\classfile\systemDictionary.cpp, line 245]
Event: 5.925 Thread 0x000002081e80de70 Exception <a 'java/lang/ClassNotFoundException'{0x00000000860dd428}: java/lang/ObjectCustomizer> (0x00000000860dd428) 
thrown [t:\workspace\open\src\hotspot\share\classfile\systemDictionary.cpp, line 256]
Event: 5.926 Thread 0x000002081e80de70 Exception <a 'java/lang/ClassNotFoundException'{0x00000000860e4080}: org/springframework/aop/framework/ProxyConfigCustomizer> (0x00000000860e4080) 
thrown [t:\workspace\open\src\hotspot\share\classfile\systemDictionary.cpp, line 256]
Event: 5.928 Thread 0x000002081e80de70 Exception <a 'java/lang/ClassNotFoundException'{0x00000000860ef228}: org/springframework/aop/framework/ProxyProcessorSupportCustomizer> (0x00000000860ef228) 
thrown [t:\workspace\open\src\hotspot\share\classfile\systemDictionary.cpp, line 256]
Event: 5.930 Thread 0x000002081e80de70 Exception <a 'java/lang/ClassNotFoundException'{0x00000000860f72f0}: org/springframework/aop/framework/autoproxy/AbstractAutoProxyCreatorCustomizer> (0x00000000860f72f0) 
thrown [t:\workspace\open\src\hotspot\share\classfile\systemDictionary.cpp, line 256]
Event: 5.932 Thread 0x000002081e80de70 Exception <a 'java/lang/ClassNotFoundException'{0x0000000085f0c068}: org/springframework/aop/framework/autoproxy/AbstractAdvisorAutoProxyCreatorCustomizer> (0x0000000085f0c068) 
thrown [t:\workspace\open\src\hotspot\share\classfile\systemDictionary.cpp, line 256]
Event: 5.934 Thread 0x000002081e80de70 Exception <a 'java/lang/ClassNotFoundException'{0x0000000085f13d20}: org/springframework/aop/aspectj/autoproxy/AspectJAwareAdvisorAutoProxyCreatorCustomizer> (0x0000000085f13d20) 
thrown [t:\workspace\open\src\hotspot\share\classfile\systemDictionary.cpp, line 256]
Event: 5.937 Thread 0x000002081e80de70 Exception <a 'java/lang/ClassNotFoundException'{0x0000000085f1a328}: org/springframework/aop/aspectj/annotation/AnnotationAwareAspectJAutoProxyCreatorCustomizer> (0x0000000085f1a328) 
thrown [t:\workspace\open\src\hotspot\share\classfile\systemDictionary.cpp, line 256]
Event: 5.940 Thread 0x000002081e80de70 Exception <a 'java/lang/ClassNotFoundException'{0x0000000085f31958}: org/springframework/beans/factory/config/SmartInstantiationAwareBeanPostProcessorCustomizer> (0x0000000085f31958) 
thrown [t:\workspace\open\src\hotspot\share\classfile\systemDictionary.cpp, line 256]
Event: 5.941 Thread 0x000002081e80de70 Exception <a 'java/lang/ClassNotFoundException'{0x0000000085f39760}: org/springframework/beans/factory/config/InstantiationAwareBeanPostProcessorCustomizer> (0x0000000085f39760) 
thrown [t:\workspace\open\src\hotspot\share\classfile\systemDictionary.cpp, line 256]
Event: 5.942 Thread 0x000002081e80de70 Exception <a 'java/lang/ClassNotFoundException'{0x0000000085f41000}: org/springframework/beans/factory/config/BeanPostProcessorCustomizer> (0x0000000085f41000) 
thrown [t:\workspace\open\src\hotspot\share\classfile\systemDictionary.cpp, line 256]
Event: 5.943 Thread 0x000002081e80de70 Exception <a 'java/lang/ClassNotFoundException'{0x0000000085f46110}: org/springframework/beans/factory/BeanFactoryAwareCustomizer> (0x0000000085f46110) 
thrown [t:\workspace\open\src\hotspot\share\classfile\systemDictionary.cpp, line 256]
Event: 5.944 Thread 0x000002081e80de70 Exception <a 'java/lang/ClassNotFoundException'{0x0000000085f4b0c0}: org/springframework/beans/factory/AwareCustomizer> (0x0000000085f4b0c0) 
thrown [t:\workspace\open\src\hotspot\share\classfile\systemDictionary.cpp, line 256]
Event: 5.945 Thread 0x000002081e80de70 Exception <a 'java/lang/ClassNotFoundException'{0x0000000085f4e4f0}: org/springframework/core/OrderedCustomizer> (0x0000000085f4e4f0) 
thrown [t:\workspace\open\src\hotspot\share\classfile\systemDictionary.cpp, line 256]
Event: 5.945 Thread 0x000002081e80de70 Exception <a 'java/lang/ClassNotFoundException'{0x0000000085f528d0}: org/springframework/beans/factory/BeanClassLoaderAwareCustomizer> (0x0000000085f528d0) 
thrown [t:\workspace\open\src\hotspot\share\classfile\systemDictionary.cpp, line 256]
Event: 5.946 Thread 0x000002081e80de70 Exception <a 'java/lang/ClassNotFoundException'{0x0000000085f56d10}: org/springframework/beans/factory/AwareCustomizer> (0x0000000085f56d10) 
thrown [t:\workspace\open\src\hotspot\share\classfile\systemDictionary.cpp, line 256]
Event: 5.946 Thread 0x000002081e80de70 Exception <a 'java/lang/ClassNotFoundException'{0x0000000085f5a590}: org/springframework/aop/framework/AopInfrastructureBeanCustomizer> (0x0000000085f5a590) 
thrown [t:\workspace\open\src\hotspot\share\classfile\systemDictionary.cpp, line 256]

Events (20 events):
Event: 5.951 loading class org/aspectj/lang/annotation/AfterThrowing done
Event: 5.952 loading class org/springframework/util/ReflectionUtils$MethodFilter
Event: 5.952 loading class org/springframework/util/ReflectionUtils$MethodFilter done
Event: 5.952 loading class org/springframework/util/ReflectionUtils$MethodFilter
Event: 5.952 loading class org/springframework/util/ReflectionUtils$MethodFilter done
Event: 5.952 loading class org/springframework/util/ReflectionUtils$MethodFilter
Event: 5.952 loading class org/springframework/util/ReflectionUtils$MethodFilter done
Event: 5.952 loading class org/springframework/core/convert/converter/ConvertingComparator
Event: 5.952 loading class org/springframework/core/convert/converter/ConvertingComparator done
Event: 5.953 loading class org/springframework/util/comparator/InstanceComparator
Event: 5.953 loading class org/springframework/util/comparator/InstanceComparator done
Event: 5.953 loading class org/springframework/core/convert/converter/Converter
Event: 5.953 loading class org/springframework/core/convert/converter/Converter done
Event: 5.954 loading class org/springframework/core/convert/converter/Converter
Event: 5.954 loading class org/springframework/core/convert/converter/Converter done
Event: 5.954 loading class org/springframework/util/comparator/Comparators
Event: 5.954 loading class org/springframework/util/comparator/Comparators done
Event: 5.955 loading class org/springframework/util/comparator/ComparableComparator
Event: 5.955 loading class org/springframework/util/comparator/ComparableComparator done
Event: 5.956 Executing  VM operation: CollectForMetadataAllocation


Dynamic libraries:
0x00007ff7285c0000 - 0x00007ff7285ce000 	D:\JDK\bin\java.exe
0x00007ffde9f50000 - 0x00007ffdea145000 	C:\WINDOWS\SYSTEM32\ntdll.dll
0x00007ffde8b30000 - 0x00007ffde8bee000 	C:\WINDOWS\System32\KERNEL32.DLL
0x00007ffde7ab0000 - 0x00007ffde7d79000 	C:\WINDOWS\System32\KERNELBASE.dll
0x00007ffde4fb0000 - 0x00007ffde5040000 	C:\WINDOWS\SYSTEM32\apphelp.dll
0x00007ffde79b0000 - 0x00007ffde7ab0000 	C:\WINDOWS\System32\ucrtbase.dll
0x00007ffddeae0000 - 0x00007ffddeaf8000 	D:\JDK\bin\jli.dll
0x00007ffde4ef0000 - 0x00007ffde4f09000 	D:\JDK\bin\VCRUNTIME140.dll
0x00007ffde98d0000 - 0x00007ffde9a71000 	C:\WINDOWS\System32\USER32.dll
0x00007ffde7880000 - 0x00007ffde78a2000 	C:\WINDOWS\System32\win32u.dll
0x00007ffde8fe0000 - 0x00007ffde900b000 	C:\WINDOWS\System32\GDI32.dll
0x00007ffde7670000 - 0x00007ffde777b000 	C:\WINDOWS\System32\gdi32full.dll
0x00007ffde77e0000 - 0x00007ffde787d000 	C:\WINDOWS\System32\msvcp_win.dll
0x00007ffdda960000 - 0x00007ffddabfa000 	C:\WINDOWS\WinSxS\amd64_microsoft.windows.common-controls_6595b64144ccf1df_6.0.19041.1110_none_60b5254171f9507e\COMCTL32.dll
0x00007ffde90f0000 - 0x00007ffde918e000 	C:\WINDOWS\System32\msvcrt.dll
0x00007ffde8aa0000 - 0x00007ffde8ad0000 	C:\WINDOWS\System32\IMM32.DLL
0x00007ffde4ed0000 - 0x00007ffde4edc000 	D:\JDK\bin\vcruntime140_1.dll
0x00007ffdcc790000 - 0x00007ffdcc821000 	D:\JDK\bin\msvcp140.dll
0x00007ffd85060000 - 0x00007ffd85c0b000 	D:\JDK\bin\server\jvm.dll
0x00007ffde9600000 - 0x00007ffde96ac000 	C:\WINDOWS\System32\ADVAPI32.dll
0x00007ffde9260000 - 0x00007ffde92fb000 	C:\WINDOWS\System32\sechost.dll
0x00007ffde7fa0000 - 0x00007ffde80ca000 	C:\WINDOWS\System32\RPCRT4.dll
0x00007ffde8fd0000 - 0x00007ffde8fd8000 	C:\WINDOWS\System32\PSAPI.DLL
0x00007ffddbf60000 - 0x00007ffddbf69000 	C:\WINDOWS\SYSTEM32\WSOCK32.dll
0x00007ffde8150000 - 0x00007ffde81bb000 	C:\WINDOWS\System32\WS2_32.dll
0x00007ffddc9c0000 - 0x00007ffddc9e7000 	C:\WINDOWS\SYSTEM32\WINMM.dll
0x00007ffde2050000 - 0x00007ffde205a000 	C:\WINDOWS\SYSTEM32\VERSION.dll
0x00007ffde5590000 - 0x00007ffde55a2000 	C:\WINDOWS\SYSTEM32\kernel.appcore.dll
0x00007ffde31e0000 - 0x00007ffde31ea000 	D:\JDK\bin\jimage.dll
0x00007ffddbbd0000 - 0x00007ffddbdb4000 	C:\WINDOWS\SYSTEM32\DBGHELP.DLL
0x00007ffddb880000 - 0x00007ffddb8ac000 	C:\WINDOWS\SYSTEM32\dbgcore.DLL
0x00007ffde7db0000 - 0x00007ffde7e33000 	C:\WINDOWS\System32\bcryptPrimitives.dll
0x00007ffdde600000 - 0x00007ffdde63b000 	D:\JDK\bin\jdwp.dll
0x00007ffddead0000 - 0x00007ffddeade000 	D:\JDK\bin\instrument.dll
0x00007ffddea30000 - 0x00007ffddea55000 	D:\JDK\bin\java.dll
0x00007ffde8270000 - 0x00007ffde89af000 	C:\WINDOWS\System32\SHELL32.dll
0x00007ffde5790000 - 0x00007ffde5f20000 	C:\WINDOWS\SYSTEM32\windows.storage.dll
0x00007ffde8c70000 - 0x00007ffde8fc5000 	C:\WINDOWS\System32\combase.dll
0x00007ffde6ff0000 - 0x00007ffde701c000 	C:\WINDOWS\SYSTEM32\Wldp.dll
0x00007ffde9420000 - 0x00007ffde94cd000 	C:\WINDOWS\System32\SHCORE.dll
0x00007ffde8ad0000 - 0x00007ffde8b25000 	C:\WINDOWS\System32\shlwapi.dll
0x00007ffde75b0000 - 0x00007ffde75cf000 	C:\WINDOWS\SYSTEM32\profapi.dll
0x00007ffdde880000 - 0x00007ffdde88c000 	D:\JDK\bin\dt_socket.dll
0x00007ffde6a40000 - 0x00007ffde6a7b000 	C:\WINDOWS\SYSTEM32\IPHLPAPI.DLL
0x00007ffde6d50000 - 0x00007ffde6dba000 	C:\WINDOWS\system32\mswsock.dll
0x00007ffdde890000 - 0x00007ffdde8a8000 	D:\JDK\bin\zip.dll
0x00007ffddea10000 - 0x00007ffddea29000 	D:\JDK\bin\net.dll
0x00007ffddf860000 - 0x00007ffddf968000 	C:\WINDOWS\SYSTEM32\WINHTTP.dll
0x00007ffdde9f0000 - 0x00007ffddea03000 	D:\JDK\bin\nio.dll
0x00007ffde6a80000 - 0x00007ffde6b4c000 	C:\WINDOWS\SYSTEM32\DNSAPI.dll
0x00007ffde9a80000 - 0x00007ffde9a88000 	C:\WINDOWS\System32\NSI.dll
0x00007ffddf700000 - 0x00007ffddf70a000 	C:\Windows\System32\rasadhlp.dll
0x00007ffddf7e0000 - 0x00007ffddf85f000 	C:\WINDOWS\System32\fwpuclnt.dll
0x00007ffde7d80000 - 0x00007ffde7da7000 	C:\WINDOWS\System32\bcrypt.dll
0x00007ffdde870000 - 0x00007ffdde879000 	D:\JDK\bin\management.dll
0x00007ffdde5f0000 - 0x00007ffdde5fb000 	D:\JDK\bin\management_ext.dll
0x00007ffde6f50000 - 0x00007ffde6f68000 	C:\WINDOWS\SYSTEM32\CRYPTSP.dll
0x00007ffde66d0000 - 0x00007ffde6704000 	C:\WINDOWS\system32\rsaenh.dll
0x00007ffde7570000 - 0x00007ffde759e000 	C:\WINDOWS\SYSTEM32\USERENV.dll
0x00007ffde6f40000 - 0x00007ffde6f4c000 	C:\WINDOWS\SYSTEM32\CRYPTBASE.dll
0x00007ffde11f0000 - 0x00007ffde1207000 	C:\WINDOWS\SYSTEM32\dhcpcsvc6.DLL
0x00007ffde11d0000 - 0x00007ffde11ed000 	C:\WINDOWS\SYSTEM32\dhcpcsvc.DLL
0x00007ffdd5130000 - 0x00007ffdd5147000 	C:\WINDOWS\system32\napinsp.dll
0x00007ffdd5100000 - 0x00007ffdd511b000 	C:\WINDOWS\system32\pnrpnsp.dll
0x00007ffdd50e0000 - 0x00007ffdd50f5000 	C:\WINDOWS\system32\wshbth.dll
0x00007ffde2fc0000 - 0x00007ffde2fdd000 	C:\WINDOWS\system32\NLAapi.dll
0x00007ffdd4050000 - 0x00007ffdd4062000 	C:\WINDOWS\System32\winrnr.dll

dbghelp: loaded successfully - version: 4.0.5 - missing functions: none
symbol engine: initialized successfully - sym options: 0x614 - pdb path: .;D:\JDK\bin;C:\WINDOWS\SYSTEM32;C:\WINDOWS\WinSxS\amd64_microsoft.windows.common-controls_6595b64144ccf1df_6.0.19041.1110_none_60b5254171f9507e;D:\JDK\bin\server

VM Arguments:
jvm_args: -agentlib:jdwp=transport=dt_socket,address=127.0.0.1:56646,suspend=y,server=n -XX:TieredStopAtLevel=1 -Xverify:none -Dspring.output.ansi.enabled=always -javaagent:C:\Users\Aleksander\AppData\Local\JetBrains\IntelliJIdea2021.2\captureAgent\debugger-agent.jar -Dcom.sun.management.jmxremote -Dspring.jmx.enabled=true -Dspring.liveBeansView.mbeanDomain -Dspring.application.admin.enabled=true -Dfile.encoding=UTF-8 
java_command: com.app.elista.EListaApplication
java_class_path (initial): C:\Users\Aleksander\Desktop\magiProject\target\classes;C:\Users\Aleksander\.m2\repository\org\springframework\boot\spring-boot-starter-data-jpa\2.5.6\spring-boot-starter-data-jpa-2.5.6.jar;C:\Users\Aleksander\.m2\repository\org\springframework\boot\spring-boot-starter-aop\2.5.6\spring-boot-starter-aop-2.5.6.jar;C:\Users\Aleksander\.m2\repository\org\aspectj\aspectjweaver\1.9.7\aspectjweaver-1.9.7.jar;C:\Users\Aleksander\.m2\repository\org\springframework\boot\spring-boot-starter-jdbc\2.5.6\spring-boot-starter-jdbc-2.5.6.jar;C:\Users\Aleksander\.m2\repository\com\zaxxer\HikariCP\4.0.3\HikariCP-4.0.3.jar;C:\Users\Aleksander\.m2\repository\org\springframework\spring-jdbc\5.3.12\spring-jdbc-5.3.12.jar;C:\Users\Aleksander\.m2\repository\jakarta\transaction\jakarta.transaction-api\1.3.3\jakarta.transaction-api-1.3.3.jar;C:\Users\Aleksander\.m2\repository\jakarta\persistence\jakarta.persistence-api\2.2.3\jakarta.persistence-api-2.2.3.jar;C:\Users\Aleksander\.m2\repository\org\hibernate\hibernate-core\5.4.32.Final\hibernate-core-5.4.32.Final.jar;C:\Users\Aleksander\.m2\repository\org\jboss\logging\jboss-logging\3.4.2.Final\jboss-logging-3.4.2.Final.jar;C:\Users\Aleksander\.m2\repository\org\javassist\javassist\3.27.0-GA\javassist-3.27.0-GA.jar;C:\Users\Aleksander\.m2\repository\net\bytebuddy\byte-buddy\1.10.22\byte-buddy-1.10.22.jar;C:\Users\Aleksander\.m2\repository\antlr\antlr\2.7.7\antlr-2.7.7.jar;C:\Users\Aleksander\.m2\repository\org\jboss\jandex\2.2.3.Final\jandex-2.2.3.Final.jar;C:\Users\Aleksander\.m2\repository\com\fasterxml\classmate\1.5.1\classmate-1.5.1.jar;C:\Users\Aleksander\.m2\repository\org\dom4j\dom4j\2.1.3\dom4j-2.1.3.jar;C:\Users\Aleksander\.m2\repository\org\hibernate\common\hibernate-commons-annotations\5.1.2.Final\hibernate-commons-annotations-5.1.2.Final.jar;C:\Users\Aleksander\.m2\repository\org\glassfish\jaxb\jaxb-runtime\2.3.5\jaxb-runtime-2.3.5.jar;C:\Users\Aleksander\.m2\repository\org\glassfish\jaxb\txw2\2.3.5\txw2-
Launcher Type: SUN_STANDARD

[Global flags]
     intx CICompilerCount                          = 3                                         {product} {ergonomic}
     uint ConcGCThreads                            = 1                                         {product} {ergonomic}
     uint G1ConcRefinementThreads                  = 4                                         {product} {ergonomic}
   size_t G1HeapRegionSize                         = 1048576                                   {product} {ergonomic}
    uintx GCDrainStackTargetSize                   = 64                                        {product} {ergonomic}
   size_t InitialHeapSize                          = 134217728                                 {product} {ergonomic}
     bool ManagementServer                         = true                                      {product} {command line}
   size_t MarkStackSize                            = 4194304                                   {product} {ergonomic}
   size_t MaxHeapSize                              = 2134900736                                {product} {ergonomic}
   size_t MaxNewSize                               = 1280311296                                {product} {ergonomic}
   size_t MinHeapDeltaBytes                        = 1048576                                   {product} {ergonomic}
   size_t MinHeapSize                              = 8388608                                   {product} {ergonomic}
    uintx NonNMethodCodeHeapSize                   = 6973028                                {pd product} {ergonomic}
    uintx NonProfiledCodeHeapSize                  = 244685212                              {pd product} {ergonomic}
    uintx ProfiledCodeHeapSize                     = 0                                      {pd product} {ergonomic}
    uintx ReservedCodeCacheSize                    = 251658240                              {pd product} {ergonomic}
     bool SegmentedCodeCache                       = true                                      {product} {ergonomic}
   size_t SoftMaxHeapSize                          = 2134900736                             {manageable} {ergonomic}
     intx TieredStopAtLevel                        = 1                                         {product} {command line}
     bool UseCompressedClassPointers               = true                           {product lp64_product} {ergonomic}
     bool UseCompressedOops                        = true                           {product lp64_product} {ergonomic}
     bool UseG1GC                                  = true                                      {product} {ergonomic}
     bool UseLargePagesIndividualAllocation        = false                                  {pd product} {ergonomic}

Logging:
Log output configuration:
 #0: stdout all=warning uptime,level,tags
 #1: stderr all=off uptime,level,tags

Environment Variables:
PATH=C:\oraclexe\app\oracle\product\11.2.0\server\bin;;C:\Program Files\Microsoft MPI\Bin\;D:\Python\Python36\Scripts\;D:\Python\Python36\;D:\oraclexe\app\oracle\product\11.2.0\server\bin;C:\WINDOWS\system32;C:\WINDOWS;C:\WINDOWS\System32\Wbem;C:\WINDOWS\System32\WindowsPowerShell\v1.0\;C:\WINDOWS\System32\OpenSSH\;D:\Git\cmd;C:\Program Files\Microsoft SQL Server\130\Tools\Binn\;C:\Program Files\Microsoft SQL Server\Client SDK\ODBC\170\Tools\Binn\;D:\Python\Python36;C:\Program Files (x86)\Microsoft SQL Server\150\Tools\Binn\;C:\Program Files\Microsoft SQL Server\150\Tools\Binn\;C:\Program Files\Microsoft SQL Server\150\DTS\Binn\;C:\Program Files (x86)\Microsoft SQL Server\150\DTS\Binn\;C:\Program Files\Azure Data Studio\bin;C:\Program Files\dotnet\;C:\ProgramData\chocolatey\bin;D:\rubyinstaller\Ruby27-x64\bin;C:\Users\Aleksander\AppData\Local\Microsoft\WindowsApps;;D:\InteliJ\IntelliJ IDEA 2021.2\bin;;C:\Program Files\Azure Data Studio\bin;D:\ruby\RubyMine 2021.1\bin;;C:\Users\Aleksander\.dotnet\tools;D:\VSCODE\bin
USERNAME=Aleksander
OS=Windows_NT
PROCESSOR_IDENTIFIER=Intel64 Family 6 Model 42 Stepping 7, GenuineIntel



---------------  S Y S T E M  ---------------

OS:
 Windows 10 , 64 bit Build 19041 (10.0.19041.1202)
OS uptime: 2 days 4:10 hours

CPU: total 4 (initial active 4) (2 cores per cpu, 2 threads per core) family 6 model 42 stepping 7 microcode 0x2f, cx8, cmov, fxsr, ht, mmx, sse, sse2, sse3, ssse3, sse4.1, sse4.2, popcnt, tsc, tscinvbit, avx, clmul, vzeroupper, clflush

Memory: 4k page, system-wide physical 8136M (1123M free)
TotalPageFile size 15028M (AvailPageFile size 2464M)
current process WorkingSet (physical memory assigned to process): 162M, peak: 162M
current process commit charge ("private bytes"): 240M, peak: 240M

vm_info: OpenJDK 64-Bit Server VM (16+36-2231) for windows-amd64 JRE (16+36-2231), built on Feb  8 2021 11:39:36 by "mach5one" with MS VC++ 16.7 (VS2019)

END.
